#
# A fatal error has been detected by the Java Runtime Environment:
#
#  EXCEPTION_ACCESS_VIOLATION (0xc0000005) at pc=0x69c46c62, pid=8524, tid=19288
#
# JRE version: OpenJDK Runtime Environment Temurin-11.0.21+9 (11.0.21+9) (build 11.0.21+9)
# Java VM: OpenJDK Client VM Temurin-11.0.21+9 (11.0.21+9, mixed mode, serial gc, windows-x86)
# Problematic frame:
# C  [glass.dll+0x16c62]
#
# No core dump will be written. Minidumps are not enabled by default on client versions of Windows
#
# If you would like to submit a bug report, please visit:
#   https://github.com/adoptium/adoptium-support/issues
# The crash happened outside the Java Virtual Machine in native code.
# See problematic frame for where to report the bug.
#

---------------  S U M M A R Y ------------

Command Line: -javaagent:C:\Program Files\JetBrains\IntelliJ IDEA 2023.3.2\lib\idea_rt.jar=60899:C:\Program Files\JetBrains\IntelliJ IDEA 2023.3.2\bin -Dfile.encoding=UTF-8 --module-path=C:\Users\nabet\.m2\repository\org\openjfx\javafx-graphics\17.0.6\javafx-graphics-17.0.6-win-x86.jar;C:\Users\nabet\.m2\repository\org\openjfx\javafx-controls\17.0.6\javafx-controls-17.0.6-win-x86.jar;C:\Users\nabet\.m2\repository\org\openjfx\javafx-base\17.0.6\javafx-base-17.0.6-win-x86.jar;C:\Users\nabet\.m2\repository\org\kordamp\bootstrapfx\bootstrapfx-core\0.4.0\bootstrapfx-core-0.4.0.jar;C:\Users\nabet\IdeaProjects\BibliotecaMedios\target\classes;C:\Users\nabet\.m2\repository\org\openjfx\javafx-fxml\17.0.6\javafx-fxml-17.0.6-win-x86.jar -Djdk.module.main=com.nabethse.bibliotecamedios.controller com.nabethse.bibliotecamedios.controller/com.nabethse.bibliotecamedios.HelloApplication

Host: AMD Ryzen 5 5600H with Radeon Graphics         , 12 cores, 7G,  Windows 11 , 64 bit Build 22621 (10.0.22621.3085)
Time: Wed Feb 28 09:19:14 2024 Hora estándar central (México) elapsed time: 29.817077 seconds (0d 0h 0m 29s)

---------------  T H R E A D  ---------------

Current thread (0x15ead000):  JavaThread "JavaFX Application Thread" [_thread_in_native, id=19288, stack(0x166c0000,0x16710000)]

Stack: [0x166c0000,0x16710000],  sp=0x1670e73c,  free space=313k
Native frames: (J=compiled Java code, A=aot compiled Java code, j=interpreted, Vv=VM code, C=native code)
C  [glass.dll+0x16c62]

Java frames: (J=compiled Java code, j=interpreted, Vv=VM code)
j  com.sun.glass.ui.win.WinWindow._close(J)Z+0 javafx.graphics
j  com.sun.glass.ui.Window.close()V+63 javafx.graphics
j  com.sun.glass.ui.win.WinWindow.close()V+8 javafx.graphics
j  com.sun.glass.ui.Application.terminate()V+75 javafx.graphics
j  com.sun.javafx.tk.quantum.QuantumToolkit.lambda$exit$13()Ljava/lang/Object;+5 javafx.graphics
j  com.sun.javafx.tk.quantum.QuantumToolkit$$Lambda$439.get()Ljava/lang/Object;+0 javafx.graphics
j  com.sun.javafx.tk.quantum.QuantumToolkit.runWithRenderLock(Ljava/util/function/Supplier;)Ljava/lang/Object;+7 javafx.graphics
j  com.sun.javafx.tk.quantum.QuantumToolkit.exit()V+26 javafx.graphics
j  com.sun.javafx.application.PlatformImpl.lambda$tkExit$16()V+3 javafx.graphics
j  com.sun.javafx.application.PlatformImpl$$Lambda$438.run()V+0 javafx.graphics
j  com.sun.javafx.application.PlatformImpl.lambda$runAndWait$12(Ljava/lang/Runnable;Ljava/util/concurrent/CountDownLatch;)V+1 javafx.graphics
j  com.sun.javafx.application.PlatformImpl$$Lambda$87.run()V+8 javafx.graphics
j  com.sun.javafx.application.PlatformImpl.lambda$runLater$10(Ljava/lang/Runnable;)Ljava/lang/Void;+1 javafx.graphics
j  com.sun.javafx.application.PlatformImpl$$Lambda$89.run()Ljava/lang/Object;+4 javafx.graphics
v  ~StubRoutines::call_stub
J 1213  java.security.AccessController.doPrivileged(Ljava/security/PrivilegedAction;Ljava/security/AccessControlContext;)Ljava/lang/Object; java.base@11.0.21 (0 bytes) @ 0x03384dc7 [0x03384d60+0x00000067]
j  com.sun.javafx.application.PlatformImpl.lambda$runLater$11(Ljava/lang/Runnable;Ljava/security/AccessControlContext;)V+7 javafx.graphics
j  com.sun.javafx.application.PlatformImpl$$Lambda$88.run()V+8 javafx.graphics
j  com.sun.glass.ui.InvokeLaterDispatcher$Future.run()V+4 javafx.graphics
v  ~StubRoutines::call_stub
j  com.sun.glass.ui.win.WinApplication._runLoop(Ljava/lang/Runnable;)V+0 javafx.graphics
j  com.sun.glass.ui.win.WinApplication.lambda$runLoop$3(ILjava/lang/Runnable;)V+8 javafx.graphics
j  com.sun.glass.ui.win.WinApplication$$Lambda$77.run()V+12 javafx.graphics
j  java.lang.Thread.run()V+11 java.base@11.0.21
v  ~StubRoutines::call_stub

siginfo: EXCEPTION_ACCESS_VIOLATION (0xc0000005), reading address 0x000000b8


Register to memory mapping:

EIP=0x69c46c62 glass.dll
EAX=0x0 is NULL
EBX=0x1670e970 is pointing into the stack for thread: 0x15ead000
ECX=0x0 is NULL
EDX=0x0 is NULL
ESP=0x1670e73c is pointing into the stack for thread: 0x15ead000
EBP=0x1670e768 is pointing into the stack for thread: 0x15ead000
ESI=0x00000401 is an unknown value
EDI=0x0 is NULL


Registers:
EAX=0x00000000, EBX=0x1670e970, ECX=0x00000000, EDX=0x00000000
ESP=0x1670e73c, EBP=0x1670e768, ESI=0x00000401, EDI=0x00000000
EIP=0x69c46c62, EFLAGS=0x00010206

Top of Stack: (sp=0x1670e73c)
0x1670e73c:   1670e970 00000401 1670e970 69c38df8
0x1670e74c:   1331bc2b 15eafa00 000d0646 00000401
0x1670e75c:   1670e89c 69c502b0 ffffffff 00000000
0x1670e76c:   69c31755 00000401 1670e970 00000000
0x1670e77c:   00000401 000d0646 1670e7b4 69c316f0
0x1670e78c:   77672e63 000d0646 00000401 1670e970
0x1670e79c:   00000000 000d0646 dcbaabcd 69c316f0
0x1670e7ac:   00000401 000d0646 1670e8ac 77663c46 

Instructions: (pc=0x69c46c62)
0x69c46b62:   21 56 e8 47 42 00 00 ff 35 e8 03 c6 69 8b f0 ff
0x69c46b72:   77 68 56 e8 96 de fe ff 56 e8 a0 41 00 00 83 c4
0x69c46b82:   10 5e c7 05 a4 03 c6 69 00 00 00 00 5f c3 83 ec
0x69c46b92:   24 a1 ec e0 c5 69 33 c4 89 44 24 20 8b 44 24 28
0x69c46ba2:   53 89 44 24 04 8b d9 8b 44 24 30 89 44 24 08 8b
0x69c46bb2:   44 24 38 55 89 44 24 10 8b 44 24 38 56 89 83 84
0x69c46bc2:   00 00 00 8b 44 24 0c 89 5c 24 18 bb 00 00 00 80
0x69c46bd2:   8b eb 8b f3 57 8b fb 85 c0 79 29 8d 44 24 20 50
0x69c46be2:   e8 29 aa fe ff 83 c4 04 85 c0 8b 44 24 10 74 14
0x69c46bf2:   8b 74 24 28 8b 5c 24 20 2b f3 8b 7c 24 2c 8b 6c
0x69c46c02:   24 24 2b fd 6a 00 50 ff 74 24 1c 68 d8 23 c5 69
0x69c46c12:   57 56 8b 74 24 34 8b ce 55 53 ff 74 24 38 e8 db
0x69c46c22:   a7 fe ff 8b f8 8d 4e 14 57 e8 40 64 00 00 57 8d
0x69c46c32:   4e 14 e8 c7 64 00 00 8b 4c 24 30 8b c7 5f 5e 5d
0x69c46c42:   5b 33 cc e8 ae 7a 00 00 83 c4 24 c2 10 00 53 8b
0x69c46c52:   d9 56 57 ff 73 08 e8 93 a9 fe ff 8b f8 83 c4 04
0x69c46c62:   8b 87 b8 00 00 00 85 c0 75 03 8b 47 04 3b 05 a4
0x69c46c72:   03 c6 69 75 29 e8 34 41 00 00 ff 35 e8 03 c6 69
0x69c46c82:   8b f0 ff 77 68 56 e8 83 dd fe ff 56 e8 8d 40 00
0x69c46c92:   00 83 c4 10 c7 05 a4 03 c6 69 00 00 00 00 8d 4f
0x69c46ca2:   14 e8 b8 69 00 00 8d 4f 14 e8 e0 69 00 00 ff 73
0x69c46cb2:   08 ff 15 f8 fe c5 69 85 c0 5f 0f 95 c0 5e 88 43
0x69c46cc2:   04 5b c3 cc cc cc cc cc cc cc cc cc cc cc 55 8b
0x69c46cd2:   ec 6a ff 68 f7 11 c5 69 64 a1 00 00 00 00 50 83
0x69c46ce2:   ec 08 53 56 57 a1 ec e0 c5 69 33 c5 50 8d 45 f4
0x69c46cf2:   64 a3 00 00 00 00 8b f9 ff 77 18 ff 15 60 ff c5
0x69c46d02:   69 85 c0 75 13 0f 57 c0 66 0f 13 45 ec 8b 55 f0
0x69c46d12:   8b 45 ec e9 a7 00 00 00 68 dc 00 00 00 e8 96 79
0x69c46d22:   00 00 83 c4 04 89 45 f0 c7 45 fc 00 00 00 00 85
0x69c46d32:   c0 74 19 ff 77 18 8b c8 6a 01 6a 00 6a 00 6a 00
0x69c46d42:   ff 77 10 e8 a6 f9 ff ff 8b d8 eb 02 33 db ff 77
0x69c46d52:   18 8b cb c7 45 fc ff ff ff ff 6a 00 68 00 00 10 


Stack slot to memory mapping:
stack at sp + 0 slots: 0x1670e970 is pointing into the stack for thread: 0x15ead000
stack at sp + 1 slots: 0x00000401 is an unknown value
stack at sp + 2 slots: 0x1670e970 is pointing into the stack for thread: 0x15ead000
stack at sp + 3 slots: 0x69c38df8 glass.dll
stack at sp + 4 slots: 0x1331bc2b is an unallocated location in the heap
stack at sp + 5 slots: 0x15eafa00 points into unknown readable memory: 0x69c5319c | 9c 31 c5 69
stack at sp + 6 slots: 0x000d0646 is an unknown value
stack at sp + 7 slots: 0x00000401 is an unknown value


---------------  P R O C E S S  ---------------

Threads class SMR info:
_java_thread_list=0x1b590058, length=17, elements={
0x030b2400, 0x03186400, 0x03165800, 0x03182000,
0x03184000, 0x03184c00, 0x153b0000, 0x153b2c00,
0x1541f800, 0x1556a000, 0x15dfa800, 0x15e9f400,
0x15ead000, 0x1b33b800, 0x1b358800, 0x1b465c00,
0x1b69e400
}

Java Threads: ( => current thread )
  0x030b2400 JavaThread "main" [_thread_blocked, id=6592, stack(0x01000000,0x01050000)]
  0x03186400 JavaThread "Reference Handler" daemon [_thread_blocked, id=4656, stack(0x03020000,0x03070000)]
  0x03165800 JavaThread "Finalizer" daemon [_thread_blocked, id=19244, stack(0x15200000,0x15250000)]
  0x03182000 JavaThread "Signal Dispatcher" daemon [_thread_blocked, id=17496, stack(0x155c0000,0x15610000)]
  0x03184000 JavaThread "Attach Listener" daemon [_thread_blocked, id=9744, stack(0x15650000,0x156a0000)]
  0x03184c00 JavaThread "Service Thread" daemon [_thread_blocked, id=8552, stack(0x156e0000,0x15730000)]
  0x153b0000 JavaThread "C1 CompilerThread0" daemon [_thread_blocked, id=8860, stack(0x15770000,0x157c0000)]
  0x153b2c00 JavaThread "Sweeper thread" daemon [_thread_blocked, id=11424, stack(0x15800000,0x15850000)]
  0x1541f800 JavaThread "Common-Cleaner" daemon [_thread_blocked, id=14312, stack(0x15890000,0x158e0000)]
  0x1556a000 JavaThread "Monitor Ctrl-Break" daemon [_thread_in_native, id=17512, stack(0x15920000,0x15970000)]
  0x15dfa800 JavaThread "QuantumRenderer-0" daemon [_thread_blocked, id=17364, stack(0x16040000,0x16090000)]
  0x15e9f400 JavaThread "InvokeLaterDispatcher" daemon [_thread_blocked, id=14352, stack(0x164f0000,0x16540000)]
=>0x15ead000 JavaThread "JavaFX Application Thread" [_thread_in_native, id=19288, stack(0x166c0000,0x16710000)]
  0x1b33b800 JavaThread "JavaFX-Launcher" [_thread_blocked, id=4148, stack(0x1bbe0000,0x1bc30000)]
  0x1b358800 JavaThread "Thread-2" daemon [_thread_in_native, id=7452, stack(0x1bb50000,0x1bba0000)]
  0x1b465c00 JavaThread "Prism Font Disposer" daemon [_thread_blocked, id=17600, stack(0x1d230000,0x1d280000)]
  0x1b69e400 JavaThread "Cleaner-0" daemon [_thread_blocked, id=14872, stack(0x20970000,0x209c0000)]

Other Threads:
  0x03160000 VMThread "VM Thread" [stack: 0x02f90000,0x02fe0000] [id=8940]
  0x1556ac00 WatcherThread [stack: 0x159b0000,0x15a00000] [id=16168]

Threads with active compile tasks:

VM state:not at safepoint (normal execution)

VM Mutex/Monitor currently owned by a thread: None

Heap:
 def new generation   total 4992K, used 2824K [0x05200000, 0x05760000, 0x0a750000)
  eden space 4480K,  51% used [0x05200000, 0x05442160, 0x05660000)
  from space 512K, 100% used [0x056e0000, 0x05760000, 0x05760000)
  to   space 512K,   0% used [0x05660000, 0x05660000, 0x056e0000)
 tenured generation   total 10944K, used 8510K [0x0a750000, 0x0b200000, 0x15200000)
   the space 10944K,  77% used [0x0a750000, 0x0af9fa58, 0x0af9fc00, 0x0b200000)
 Metaspace       used 14762K, capacity 15073K, committed 15104K, reserved 15744K

Card table byte_map: [0x02a00000,0x02a90000] _byte_map_base: 0x029d7000

Polling page: 0x00cf0000

Metaspace:

Usage:
   14.72 MB capacity,    14.42 MB ( 98%) used,   211.52 KB (  1%) free+waste,    99.61 KB ( <1%) overhead. 

Virtual space:
     15.38 MB reserved,      14.75 MB ( 96%) committed 

Chunk freelists:
0 bytes

MaxMetaspaceSize: 4.00 GB
No class space
Initial GC threshold: 12.00 MB
Current GC threshold: 20.00 MB
CDS: off

CodeCache: size=32768Kb used=2332Kb max_used=2332Kb free=30435Kb
 bounds [0x03190000, 0x033d8000, 0x05190000]
 total_blobs=1933 nmethods=1510 adapters=356
 compilation: enabled
              stopped_count=0, restarted_count=0
 full_count=0

Compilation events (20 events):
Event: 29.467 Thread 0x153b0000 1501             com.sun.javafx.css.PseudoClassState::size (5 bytes)
Event: 29.468 Thread 0x153b0000 nmethod 1501 0x033d1cc8 code [0x033d1de0, 0x033d1e6c]
Event: 29.468 Thread 0x153b0000 1502             com.sun.javafx.css.PseudoClassState::containsAll (6 bytes)
Event: 29.468 Thread 0x153b0000 nmethod 1502 0x033d1ec8 code [0x033d1fe0, 0x033d206c]
Event: 29.468 Thread 0x153b0000 1503             javafx.scene.CssStyleHelper::getStyleMap (22 bytes)
Event: 29.468 Thread 0x153b0000 nmethod 1503 0x033d20c8 code [0x033d21e0, 0x033d229c]
Event: 29.468 Thread 0x153b0000 1504             javafx.scene.layout.Region::scaledCeil (13 bytes)
Event: 29.469 Thread 0x153b0000 nmethod 1504 0x033d2308 code [0x033d2430, 0x033d24ec]
Event: 29.469 Thread 0x153b0000 1505             javafx.scene.layout.Region::scaledRound (10 bytes)
Event: 29.469 Thread 0x153b0000 nmethod 1505 0x033d2588 code [0x033d26a0, 0x033d273c]
Event: 29.471 Thread 0x153b0000 1506             java.lang.Float::floatToIntBits (15 bytes)
Event: 29.471 Thread 0x153b0000 nmethod 1506 0x033d27c8 code [0x033d28d0, 0x033d2990]
Event: 29.676 Thread 0x153b0000 1507   !         com.sun.javafx.sg.prism.NGNode::accumulateGroupDirtyRegion (652 bytes)
Event: 29.678 Thread 0x153b0000 nmethod 1507 0x033d29c8 code [0x033d2d20, 0x033d3b28]
Event: 29.679 Thread 0x153b0000 1508             java.lang.StringBuilder::append (8 bytes)
Event: 29.679 Thread 0x153b0000 nmethod 1508 0x033d51c8 code [0x033d52e0, 0x033d537c]
Event: 29.679 Thread 0x153b0000 1509             java.lang.AbstractStringBuilder::append (55 bytes)
Event: 29.679 Thread 0x153b0000 nmethod 1509 0x033d53c8 code [0x033d5500, 0x033d5640]
Event: 29.714 Thread 0x153b0000 1510             sun.nio.cs.UTF_8$Encoder::encodeArrayLoop (489 bytes)
Event: 29.716 Thread 0x153b0000 nmethod 1510 0x033d5708 code [0x033d5a90, 0x033d6844]

GC Heap History (20 events):
Event: 0.984 GC heap before
{Heap before GC invocations=5 (full 0):
 def new generation   total 4928K, used 4827K [0x05200000, 0x05750000, 0x0a750000)
  eden space 4416K, 100% used [0x05200000, 0x05650000, 0x05650000)
  from space 512K,  80% used [0x056d0000, 0x05736c78, 0x05750000)
  to   space 512K,   0% used [0x05650000, 0x05650000, 0x056d0000)
 tenured generation   total 10944K, used 2212K [0x0a750000, 0x0b200000, 0x15200000)
   the space 10944K,  20% used [0x0a750000, 0x0a979360, 0x0a979400, 0x0b200000)
 Metaspace       used 9312K, capacity 9438K, committed 9472K, reserved 9600K
}
Event: 0.987 GC heap after
{Heap after GC invocations=6 (full 0):
 def new generation   total 4928K, used 512K [0x05200000, 0x05750000, 0x0a750000)
  eden space 4416K,   0% used [0x05200000, 0x05200000, 0x05650000)
  from space 512K, 100% used [0x05650000, 0x056d0000, 0x056d0000)
  to   space 512K,   0% used [0x056d0000, 0x056d0000, 0x05750000)
 tenured generation   total 10944K, used 2613K [0x0a750000, 0x0b200000, 0x15200000)
   the space 10944K,  23% used [0x0a750000, 0x0a9dd700, 0x0a9dd800, 0x0b200000)
 Metaspace       used 9312K, capacity 9438K, committed 9472K, reserved 9600K
}
Event: 1.100 GC heap before
{Heap before GC invocations=6 (full 0):
 def new generation   total 4928K, used 4928K [0x05200000, 0x05750000, 0x0a750000)
  eden space 4416K, 100% used [0x05200000, 0x05650000, 0x05650000)
  from space 512K, 100% used [0x05650000, 0x056d0000, 0x056d0000)
  to   space 512K,   0% used [0x056d0000, 0x056d0000, 0x05750000)
 tenured generation   total 10944K, used 2613K [0x0a750000, 0x0b200000, 0x15200000)
   the space 10944K,  23% used [0x0a750000, 0x0a9dd700, 0x0a9dd800, 0x0b200000)
 Metaspace       used 10717K, capacity 10890K, committed 11008K, reserved 11648K
}
Event: 1.104 GC heap after
{Heap after GC invocations=7 (full 0):
 def new generation   total 4928K, used 512K [0x05200000, 0x05750000, 0x0a750000)
  eden space 4416K,   0% used [0x05200000, 0x05200000, 0x05650000)
  from space 512K, 100% used [0x056d0000, 0x05750000, 0x05750000)
  to   space 512K,   0% used [0x05650000, 0x05650000, 0x056d0000)
 tenured generation   total 10944K, used 3634K [0x0a750000, 0x0b200000, 0x15200000)
   the space 10944K,  33% used [0x0a750000, 0x0aadc848, 0x0aadca00, 0x0b200000)
 Metaspace       used 10717K, capacity 10890K, committed 11008K, reserved 11648K
}
Event: 1.187 GC heap before
{Heap before GC invocations=7 (full 0):
 def new generation   total 4928K, used 4928K [0x05200000, 0x05750000, 0x0a750000)
  eden space 4416K, 100% used [0x05200000, 0x05650000, 0x05650000)
  from space 512K, 100% used [0x056d0000, 0x05750000, 0x05750000)
  to   space 512K,   0% used [0x05650000, 0x05650000, 0x056d0000)
 tenured generation   total 10944K, used 3634K [0x0a750000, 0x0b200000, 0x15200000)
   the space 10944K,  33% used [0x0a750000, 0x0aadc848, 0x0aadca00, 0x0b200000)
 Metaspace       used 11407K, capacity 11575K, committed 11648K, reserved 11648K
}
Event: 1.191 GC heap after
{Heap after GC invocations=8 (full 0):
 def new generation   total 4928K, used 512K [0x05200000, 0x05750000, 0x0a750000)
  eden space 4416K,   0% used [0x05200000, 0x05200000, 0x05650000)
  from space 512K, 100% used [0x05650000, 0x056d0000, 0x056d0000)
  to   space 512K,   0% used [0x056d0000, 0x056d0000, 0x05750000)
 tenured generation   total 10944K, used 4350K [0x0a750000, 0x0b200000, 0x15200000)
   the space 10944K,  39% used [0x0a750000, 0x0ab8fb18, 0x0ab8fc00, 0x0b200000)
 Metaspace       used 11407K, capacity 11575K, committed 11648K, reserved 11648K
}
Event: 1.284 GC heap before
{Heap before GC invocations=8 (full 0):
 def new generation   total 4928K, used 4928K [0x05200000, 0x05750000, 0x0a750000)
  eden space 4416K, 100% used [0x05200000, 0x05650000, 0x05650000)
  from space 512K, 100% used [0x05650000, 0x056d0000, 0x056d0000)
  to   space 512K,   0% used [0x056d0000, 0x056d0000, 0x05750000)
 tenured generation   total 10944K, used 4350K [0x0a750000, 0x0b200000, 0x15200000)
   the space 10944K,  39% used [0x0a750000, 0x0ab8fb18, 0x0ab8fc00, 0x0b200000)
 Metaspace       used 11979K, capacity 12159K, committed 12160K, reserved 12672K
}
Event: 1.288 GC heap after
{Heap after GC invocations=9 (full 0):
 def new generation   total 4928K, used 512K [0x05200000, 0x05750000, 0x0a750000)
  eden space 4416K,   0% used [0x05200000, 0x05200000, 0x05650000)
  from space 512K, 100% used [0x056d0000, 0x05750000, 0x05750000)
  to   space 512K,   0% used [0x05650000, 0x05650000, 0x056d0000)
 tenured generation   total 10944K, used 5060K [0x0a750000, 0x0b200000, 0x15200000)
   the space 10944K,  46% used [0x0a750000, 0x0ac410c8, 0x0ac41200, 0x0b200000)
 Metaspace       used 11979K, capacity 12159K, committed 12160K, reserved 12672K
}
Event: 1.353 GC heap before
{Heap before GC invocations=9 (full 0):
 def new generation   total 4928K, used 1097K [0x05200000, 0x05750000, 0x0a750000)
  eden space 4416K,  13% used [0x05200000, 0x05292698, 0x05650000)
  from space 512K, 100% used [0x056d0000, 0x05750000, 0x05750000)
  to   space 512K,   0% used [0x05650000, 0x05650000, 0x056d0000)
 tenured generation   total 10944K, used 5060K [0x0a750000, 0x0b200000, 0x15200000)
   the space 10944K,  46% used [0x0a750000, 0x0ac410c8, 0x0ac41200, 0x0b200000)
 Metaspace       used 12075K, capacity 12261K, committed 12288K, reserved 12672K
}
Event: 1.366 GC heap after
{Heap after GC invocations=10 (full 1):
 def new generation   total 4992K, used 0K [0x05200000, 0x05760000, 0x0a750000)
  eden space 4480K,   0% used [0x05200000, 0x05200000, 0x05660000)
  from space 512K,   0% used [0x05660000, 0x05660000, 0x056e0000)
  to   space 512K,   0% used [0x056e0000, 0x056e0000, 0x05760000)
 tenured generation   total 10944K, used 5589K [0x0a750000, 0x0b200000, 0x15200000)
   the space 10944K,  51% used [0x0a750000, 0x0acc5558, 0x0acc5600, 0x0b200000)
 Metaspace       used 12075K, capacity 12261K, committed 12288K, reserved 12672K
}
Event: 1.491 GC heap before
{Heap before GC invocations=10 (full 1):
 def new generation   total 4992K, used 4480K [0x05200000, 0x05760000, 0x0a750000)
  eden space 4480K, 100% used [0x05200000, 0x05660000, 0x05660000)
  from space 512K,   0% used [0x05660000, 0x05660000, 0x056e0000)
  to   space 512K,   0% used [0x056e0000, 0x056e0000, 0x05760000)
 tenured generation   total 10944K, used 5589K [0x0a750000, 0x0b200000, 0x15200000)
   the space 10944K,  51% used [0x0a750000, 0x0acc5558, 0x0acc5600, 0x0b200000)
 Metaspace       used 12531K, capacity 12732K, committed 12800K, reserved 13696K
}
Event: 1.494 GC heap after
{Heap after GC invocations=11 (full 1):
 def new generation   total 4992K, used 511K [0x05200000, 0x05760000, 0x0a750000)
  eden space 4480K,   0% used [0x05200000, 0x05200000, 0x05660000)
  from space 512K,  99% used [0x056e0000, 0x0575fff8, 0x05760000)
  to   space 512K,   0% used [0x05660000, 0x05660000, 0x056e0000)
 tenured generation   total 10944K, used 5782K [0x0a750000, 0x0b200000, 0x15200000)
   the space 10944K,  52% used [0x0a750000, 0x0acf58a0, 0x0acf5a00, 0x0b200000)
 Metaspace       used 12531K, capacity 12732K, committed 12800K, reserved 13696K
}
Event: 1.656 GC heap before
{Heap before GC invocations=11 (full 1):
 def new generation   total 4992K, used 4991K [0x05200000, 0x05760000, 0x0a750000)
  eden space 4480K, 100% used [0x05200000, 0x05660000, 0x05660000)
  from space 512K,  99% used [0x056e0000, 0x0575fff8, 0x05760000)
  to   space 512K,   0% used [0x05660000, 0x05660000, 0x056e0000)
 tenured generation   total 10944K, used 5782K [0x0a750000, 0x0b200000, 0x15200000)
   the space 10944K,  52% used [0x0a750000, 0x0acf58a0, 0x0acf5a00, 0x0b200000)
 Metaspace       used 13233K, capacity 13476K, committed 13568K, reserved 13696K
}
Event: 1.660 GC heap after
{Heap after GC invocations=12 (full 1):
 def new generation   total 4992K, used 370K [0x05200000, 0x05760000, 0x0a750000)
  eden space 4480K,   0% used [0x05200000, 0x05200000, 0x05660000)
  from space 512K,  72% used [0x05660000, 0x056bc8e8, 0x056e0000)
  to   space 512K,   0% used [0x056e0000, 0x056e0000, 0x05760000)
 tenured generation   total 10944K, used 6291K [0x0a750000, 0x0b200000, 0x15200000)
   the space 10944K,  57% used [0x0a750000, 0x0ad74c28, 0x0ad74e00, 0x0b200000)
 Metaspace       used 13233K, capacity 13476K, committed 13568K, reserved 13696K
}
Event: 3.209 GC heap before
{Heap before GC invocations=12 (full 1):
 def new generation   total 4992K, used 4850K [0x05200000, 0x05760000, 0x0a750000)
  eden space 4480K, 100% used [0x05200000, 0x05660000, 0x05660000)
  from space 512K,  72% used [0x05660000, 0x056bc8e8, 0x056e0000)
  to   space 512K,   0% used [0x056e0000, 0x056e0000, 0x05760000)
 tenured generation   total 10944K, used 6291K [0x0a750000, 0x0b200000, 0x15200000)
   the space 10944K,  57% used [0x0a750000, 0x0ad74c28, 0x0ad74e00, 0x0b200000)
 Metaspace       used 13741K, capacity 13975K, committed 14080K, reserved 14720K
}
Event: 3.213 GC heap after
{Heap after GC invocations=13 (full 1):
 def new generation   total 4992K, used 496K [0x05200000, 0x05760000, 0x0a750000)
  eden space 4480K,   0% used [0x05200000, 0x05200000, 0x05660000)
  from space 512K,  97% used [0x056e0000, 0x0575c2f0, 0x05760000)
  to   space 512K,   0% used [0x05660000, 0x05660000, 0x056e0000)
 tenured generation   total 10944K, used 7736K [0x0a750000, 0x0b200000, 0x15200000)
   the space 10944K,  70% used [0x0a750000, 0x0aede0e0, 0x0aede200, 0x0b200000)
 Metaspace       used 13741K, capacity 13975K, committed 14080K, reserved 14720K
}
Event: 3.292 GC heap before
{Heap before GC invocations=13 (full 1):
 def new generation   total 4992K, used 4976K [0x05200000, 0x05760000, 0x0a750000)
  eden space 4480K, 100% used [0x05200000, 0x05660000, 0x05660000)
  from space 512K,  97% used [0x056e0000, 0x0575c2f0, 0x05760000)
  to   space 512K,   0% used [0x05660000, 0x05660000, 0x056e0000)
 tenured generation   total 10944K, used 7736K [0x0a750000, 0x0b200000, 0x15200000)
   the space 10944K,  70% used [0x0a750000, 0x0aede0e0, 0x0aede200, 0x0b200000)
 Metaspace       used 14417K, capacity 14708K, committed 14720K, reserved 14720K
}
Event: 3.294 GC heap after
{Heap after GC invocations=14 (full 1):
 def new generation   total 4992K, used 242K [0x05200000, 0x05760000, 0x0a750000)
  eden space 4480K,   0% used [0x05200000, 0x05200000, 0x05660000)
  from space 512K,  47% used [0x05660000, 0x0569cb00, 0x056e0000)
  to   space 512K,   0% used [0x056e0000, 0x056e0000, 0x05760000)
 tenured generation   total 10944K, used 8225K [0x0a750000, 0x0b200000, 0x15200000)
   the space 10944K,  75% used [0x0a750000, 0x0af58668, 0x0af58800, 0x0b200000)
 Metaspace       used 14417K, capacity 14708K, committed 14720K, reserved 14720K
}
Event: 16.253 GC heap before
{Heap before GC invocations=14 (full 1):
 def new generation   total 4992K, used 4663K [0x05200000, 0x05760000, 0x0a750000)
  eden space 4480K,  98% used [0x05200000, 0x056511b8, 0x05660000)
  from space 512K,  47% used [0x05660000, 0x0569cb00, 0x056e0000)
  to   space 512K,   0% used [0x056e0000, 0x056e0000, 0x05760000)
 tenured generation   total 10944K, used 8225K [0x0a750000, 0x0b200000, 0x15200000)
   the space 10944K,  75% used [0x0a750000, 0x0af58668, 0x0af58800, 0x0b200000)
 Metaspace       used 14741K, capacity 15058K, committed 15104K, reserved 15744K
}
Event: 16.256 GC heap after
{Heap after GC invocations=15 (full 1):
 def new generation   total 4992K, used 512K [0x05200000, 0x05760000, 0x0a750000)
  eden space 4480K,   0% used [0x05200000, 0x05200000, 0x05660000)
  from space 512K, 100% used [0x056e0000, 0x05760000, 0x05760000)
  to   space 512K,   0% used [0x05660000, 0x05660000, 0x056e0000)
 tenured generation   total 10944K, used 8510K [0x0a750000, 0x0b200000, 0x15200000)
   the space 10944K,  77% used [0x0a750000, 0x0af9fa58, 0x0af9fc00, 0x0b200000)
 Metaspace       used 14741K, capacity 15058K, committed 15104K, reserved 15744K
}

Deoptimization events (8 events):
Event: 1.432 Thread 0x15ead000 DEOPT PACKING pc=0x032beb0f sp=0x1670e020
Event: 1.432 Thread 0x15ead000 DEOPT UNPACKING pc=0x031cc187 sp=0x1670df40 mode 3
Event: 1.439 Thread 0x15ead000 DEOPT PACKING pc=0x032e48f1 sp=0x1670e1a0
Event: 1.439 Thread 0x15ead000 DEOPT UNPACKING pc=0x031cc187 sp=0x1670e0c4 mode 3
Event: 1.686 Thread 0x15dfa800 DEOPT PACKING pc=0x0332ab7d sp=0x1608ece0
Event: 1.686 Thread 0x15dfa800 DEOPT UNPACKING pc=0x031cc187 sp=0x1608ec0c mode 3
Event: 3.222 Thread 0x15ead000 DEOPT PACKING pc=0x033501cc sp=0x1670d890
Event: 3.222 Thread 0x15ead000 DEOPT UNPACKING pc=0x031cc187 sp=0x1670d740 mode 3

Classes redefined (0 events):
No events

Internal exceptions (20 events):
Event: 1.006 Thread 0x15ead000 Exception <a 'sun/nio/fs/WindowsException'{0x0527c338}> (0x0527c338) thrown at [s\src\hotspot\share\prims\jni.cpp, line 617]
Event: 1.018 Thread 0x15ead000 Exception <a 'java/lang/ClassNotFoundException'{0x05297a00}: sun/util/logging/resources/spi/loggingProvider> (0x05297a00) thrown at [s\src\hotspot\share\classfile\systemDictionary.cpp, line 230]
Event: 1.096 Thread 0x15ead000 Exception <a 'java/lang/NoSuchMethodError'{0x056303c0}: 'java.lang.Object java.lang.invoke.Invokers$Holder.linkToTargetMethod(java.lang.Object, int, java.lang.Object)'> (0x056303c0) thrown at [s\src\hotspot\share\interpreter\linkResolver.cpp, line 773]
Event: 1.155 Thread 0x15ead000 Exception <a 'java/lang/ClassNotFoundException'{0x05453e18}: com/sun/glass/ui/win/themes> (0x05453e18) thrown at [s\src\hotspot\share\prims\jni.cpp, line 638]
Event: 1.156 Thread 0x15ead000 Exception <a 'java/lang/ClassNotFoundException'{0x05457e08}: com/sun/glass/ui/win/themes_es> (0x05457e08) thrown at [s\src\hotspot\share\prims\jni.cpp, line 638]
Event: 1.156 Thread 0x15ead000 Exception <a 'java/lang/ClassNotFoundException'{0x05463f50}: com/sun/glass/ui/win/themes_es_MX> (0x05463f50) thrown at [s\src\hotspot\share\prims\jni.cpp, line 638]
Event: 1.211 Thread 0x15ead000 Exception <a 'java/lang/NoSuchMethodError'{0x05336830}: 'void java.lang.invoke.DirectMethodHandle$Holder.invokeStaticInit(java.lang.Object, java.lang.Object)'> (0x05336830) thrown at [s\src\hotspot\share\interpreter\linkResolver.cpp, line 773]
Event: 1.439 Thread 0x15ead000 Implicit null exception at 0x032e360c to 0x032e48ec
Event: 1.495 Thread 0x15ead000 Exception <a 'java/lang/NoSuchMethodError'{0x052084a8}: 'void java.lang.invoke.DirectMethodHandle$Holder.invokeSpecial(java.lang.Object, java.lang.Object, java.lang.Object, java.lang.Object, java.lang.Object)'> (0x052084a8) thrown at [s\src\hotspot\share\interpreter\linkResolver.cpp, line 773]
Event: 1.496 Thread 0x15ead000 Exception <a 'java/lang/NoSuchMethodError'{0x05217218}: 'java.lang.Object java.lang.invoke.DirectMethodHandle$Holder.invokeInterface(java.lang.Object, java.lang.Object, java.lang.Object)'> (0x05217218) thrown at [s\src\hotspot\share\interpreter\linkResolver.cpp, line 773]
Event: 1.497 Thread 0x15ead000 Exception <a 'java/lang/IncompatibleClassChangeError'{0x05219fd8}: Found class java.lang.Object, but interface was expected> (0x05219fd8) thrown at [s\src\hotspot\share\interpreter\linkResolver.cpp, line 839]
Event: 1.563 Thread 0x15dfa800 Exception <a 'java/lang/NoSuchMethodError'{0x0542ea88}: 'int java.lang.invoke.DirectMethodHandle$Holder.invokeStaticInit(java.lang.Object, java.lang.Object)'> (0x0542ea88) thrown at [s\src\hotspot\share\interpreter\linkResolver.cpp, line 773]
Event: 2.988 Thread 0x15ead000 Exception <a 'java/lang/NoSuchMethodError'{0x0552e350}: 'long java.lang.invoke.DirectMethodHandle$Holder.invokeStaticInit(java.lang.Object, java.lang.Object, java.lang.Object)'> (0x0552e350) thrown at [s\src\hotspot\share\interpreter\linkResolver.cpp, line 773]
Event: 2.990 Thread 0x15ead000 Exception <a 'java/lang/NoSuchMethodError'{0x05544d10}: 'java.lang.Object java.lang.invoke.DirectMethodHandle$Holder.invokeStatic(java.lang.Object, java.lang.Object, long)'> (0x05544d10) thrown at [s\src\hotspot\share\interpreter\linkResolver.cpp, line 773]
Event: 2.991 Thread 0x15ead000 Exception <a 'java/lang/NoSuchMethodError'{0x0554a760}: 'java.lang.Object java.lang.invoke.Invokers$Holder.linkToTargetMethod(java.lang.Object, long, java.lang.Object)'> (0x0554a760) thrown at [s\src\hotspot\share\interpreter\linkResolver.cpp, line 773]
Event: 3.250 Thread 0x15ead000 Exception <a 'java/lang/ClassNotFoundException'{0x05376c98}: com/sun/javafx/scene/control/skin/resources/controls> (0x05376c98) thrown at [s\src\hotspot\share\prims\jni.cpp, line 638]
Event: 3.251 Thread 0x15ead000 Exception <a 'java/lang/ClassNotFoundException'{0x05384380}: com/sun/javafx/scene/control/skin/resources/controls_es> (0x05384380) thrown at [s\src\hotspot\share\prims\jni.cpp, line 638]
Event: 3.251 Thread 0x15ead000 Exception <a 'java/lang/ClassNotFoundException'{0x053919f0}: com/sun/javafx/scene/control/skin/resources/controls_es_MX> (0x053919f0) thrown at [s\src\hotspot\share\prims\jni.cpp, line 638]
Event: 3.278 Thread 0x15ead000 Exception <a 'java/lang/NoSuchMethodError'{0x054eb4e8}: 'void java.lang.invoke.DirectMethodHandle$Holder.invokeSpecial(java.lang.Object, java.lang.Object, java.lang.Object, java.lang.Object, java.lang.Object, java.lang.Object)'> (0x054eb4e8) thrown at [s\src\hotspot\share\interpreter\linkResolver.cpp, line 773]
Event: 29.713 Thread 0x15ead000 Exception <a 'java/lang/IllegalArgumentException'{0x054209e0}> (0x054209e0) thrown at [s\src\hotspot\share\prims\jvm.cpp, line 1310]

Events (20 events):
Event: 29.672 loading class javafx/application/Application
Event: 29.672 loading class javafx/application/Application done
Event: 29.673 loading class javafx/application/Application
Event: 29.673 loading class javafx/application/Application done
Event: 29.709 loading class com/sun/javafx/tk/quantum/GlassScene
Event: 29.709 loading class com/sun/javafx/tk/quantum/GlassScene done
Event: 29.709 loading class com/sun/javafx/tk/quantum/WindowStage
Event: 29.709 loading class com/sun/javafx/tk/quantum/WindowStage done
Event: 29.710 loading class com/sun/prism/GraphicsResource
Event: 29.710 loading class com/sun/prism/GraphicsResource done
Event: 29.710 loading class com/sun/prism/GraphicsResource
Event: 29.710 loading class com/sun/prism/GraphicsResource done
Event: 29.711 loading class com/sun/javafx/tk/quantum/ViewScene
Event: 29.711 loading class com/sun/javafx/tk/quantum/ViewScene done
Event: 29.711 loading class com/sun/javafx/tk/quantum/WindowStage
Event: 29.711 loading class com/sun/javafx/tk/quantum/WindowStage done
Event: 29.713 loading class java/lang/Throwable$WrappedPrintStream
Event: 29.713 loading class java/lang/Throwable$PrintStreamOrWriter
Event: 29.713 loading class java/lang/Throwable$PrintStreamOrWriter done
Event: 29.713 loading class java/lang/Throwable$WrappedPrintStream done


Dynamic libraries:
0x00160000 - 0x0016c000 	C:\Program Files (x86)\Eclipse Adoptium\jdk-11.0.21.9-hotspot\bin\java.exe
0x77950000 - 0x77b01000 	C:\windows\SYSTEM32\ntdll.dll
0x76e00000 - 0x76ef0000 	C:\windows\System32\KERNEL32.DLL
0x75850000 - 0x75ac4000 	C:\windows\System32\KERNELBASE.dll
0x73d60000 - 0x73e06000 	C:\windows\SYSTEM32\apphelp.dll
0x75ad0000 - 0x75be2000 	C:\windows\System32\ucrtbase.dll
0x74230000 - 0x74245000 	C:\Program Files (x86)\Eclipse Adoptium\jdk-11.0.21.9-hotspot\bin\jli.dll
0x73d40000 - 0x73d53000 	C:\Program Files (x86)\Eclipse Adoptium\jdk-11.0.21.9-hotspot\bin\VCRUNTIME140.dll
0x77640000 - 0x777e8000 	C:\windows\System32\USER32.dll
0x6bff0000 - 0x6c218000 	C:\windows\WinSxS\x86_microsoft.windows.common-controls_6595b64144ccf1df_6.0.22621.2506_none_6eb991c088050a06\COMCTL32.dll
0x77090000 - 0x770aa000 	C:\windows\System32\win32u.dll
0x77160000 - 0x77224000 	C:\windows\System32\msvcrt.dll
0x76ef0000 - 0x76f13000 	C:\windows\System32\GDI32.dll
0x77850000 - 0x77932000 	C:\windows\System32\gdi32full.dll
0x75bf0000 - 0x75c69000 	C:\windows\System32\msvcp_win.dll
0x76170000 - 0x76195000 	C:\windows\System32\IMM32.DLL
0x73cd0000 - 0x73d3f000 	C:\Program Files (x86)\Eclipse Adoptium\jdk-11.0.21.9-hotspot\bin\msvcp140.dll
0x6bb10000 - 0x6bfeb000 	C:\Program Files (x86)\Eclipse Adoptium\jdk-11.0.21.9-hotspot\bin\client\jvm.dll
0x774a0000 - 0x7751f000 	C:\windows\System32\ADVAPI32.dll
0x76b30000 - 0x76bb5000 	C:\windows\System32\sechost.dll
0x770b0000 - 0x770ca000 	C:\windows\System32\bcrypt.dll
0x77580000 - 0x7763a000 	C:\windows\System32\RPCRT4.dll
0x75840000 - 0x75846000 	C:\windows\System32\PSAPI.DLL
0x73cc0000 - 0x73cc8000 	C:\windows\SYSTEM32\WSOCK32.dll
0x742f0000 - 0x742f8000 	C:\windows\SYSTEM32\VERSION.dll
0x77520000 - 0x7757f000 	C:\windows\System32\WS2_32.dll
0x74db0000 - 0x74de1000 	C:\windows\SYSTEM32\WINMM.dll
0x74e00000 - 0x74e13000 	C:\windows\SYSTEM32\kernel.appcore.dll
0x73cb0000 - 0x73cbd000 	C:\Program Files (x86)\Eclipse Adoptium\jdk-11.0.21.9-hotspot\bin\verify.dll
0x753b0000 - 0x75586000 	C:\windows\SYSTEM32\DBGHELP.DLL
0x755c0000 - 0x7583d000 	C:\windows\System32\combase.dll
0x77230000 - 0x772cc000 	C:\windows\System32\OLEAUT32.dll
0x74e20000 - 0x74e49000 	C:\windows\SYSTEM32\dbgcore.DLL
0x77020000 - 0x77082000 	C:\windows\System32\bcryptPrimitives.dll
0x73c80000 - 0x73ca2000 	C:\Program Files (x86)\Eclipse Adoptium\jdk-11.0.21.9-hotspot\bin\java.dll
0x73c70000 - 0x73c79000 	C:\Program Files (x86)\Eclipse Adoptium\jdk-11.0.21.9-hotspot\bin\jimage.dll
0x74200000 - 0x7420d000 	C:\Program Files (x86)\Eclipse Adoptium\jdk-11.0.21.9-hotspot\bin\instrument.dll
0x73c50000 - 0x73c66000 	C:\Program Files (x86)\Eclipse Adoptium\jdk-11.0.21.9-hotspot\bin\zip.dll
0x76490000 - 0x76b28000 	C:\windows\System32\SHELL32.dll
0x743d0000 - 0x74abc000 	C:\windows\SYSTEM32\windows.storage.dll
0x74300000 - 0x743c7000 	C:\windows\SYSTEM32\wintypes.dll
0x76d30000 - 0x76df1000 	C:\windows\System32\SHCORE.dll
0x773b0000 - 0x773fb000 	C:\windows\System32\shlwapi.dll
0x74060000 - 0x7407d000 	C:\windows\SYSTEM32\profapi.dll
0x73c30000 - 0x73c44000 	C:\Program Files (x86)\Eclipse Adoptium\jdk-11.0.21.9-hotspot\bin\net.dll
0x73e10000 - 0x73eed000 	C:\windows\SYSTEM32\WINHTTP.dll
0x74c50000 - 0x74ca1000 	C:\windows\system32\mswsock.dll
0x73c20000 - 0x73c2f000 	C:\Program Files (x86)\Eclipse Adoptium\jdk-11.0.21.9-hotspot\bin\nio.dll
0x73bf0000 - 0x73c06000 	C:\Program Files\JetBrains\IntelliJ IDEA 2023.3.2\bin\breakgen.dll
0x73be0000 - 0x73be3000 	C:\Users\nabet\.openjfx\cache\17.0.6\api-ms-win-core-console-l1-1-0.dll
0x73bd0000 - 0x73bd3000 	C:\Users\nabet\.openjfx\cache\17.0.6\api-ms-win-core-console-l1-2-0.dll
0x73bc0000 - 0x73bc3000 	C:\Users\nabet\.openjfx\cache\17.0.6\api-ms-win-core-datetime-l1-1-0.dll
0x73a20000 - 0x73a23000 	C:\Users\nabet\.openjfx\cache\17.0.6\api-ms-win-core-debug-l1-1-0.dll
0x73a10000 - 0x73a13000 	C:\Users\nabet\.openjfx\cache\17.0.6\api-ms-win-core-errorhandling-l1-1-0.dll
0x73a00000 - 0x73a04000 	C:\Users\nabet\.openjfx\cache\17.0.6\api-ms-win-core-file-l1-1-0.dll
0x739f0000 - 0x739f3000 	C:\Users\nabet\.openjfx\cache\17.0.6\api-ms-win-core-file-l1-2-0.dll
0x739c0000 - 0x739c3000 	C:\Users\nabet\.openjfx\cache\17.0.6\api-ms-win-core-file-l2-1-0.dll
0x739b0000 - 0x739b3000 	C:\Users\nabet\.openjfx\cache\17.0.6\api-ms-win-core-handle-l1-1-0.dll
0x739a0000 - 0x739a3000 	C:\Users\nabet\.openjfx\cache\17.0.6\api-ms-win-core-heap-l1-1-0.dll
0x73990000 - 0x73993000 	C:\Users\nabet\.openjfx\cache\17.0.6\api-ms-win-core-interlocked-l1-1-0.dll
0x73980000 - 0x73983000 	C:\Users\nabet\.openjfx\cache\17.0.6\api-ms-win-core-libraryloader-l1-1-0.dll
0x6c720000 - 0x6c723000 	C:\Users\nabet\.openjfx\cache\17.0.6\api-ms-win-core-localization-l1-2-0.dll
0x6c710000 - 0x6c713000 	C:\Users\nabet\.openjfx\cache\17.0.6\api-ms-win-core-memory-l1-1-0.dll
0x6c700000 - 0x6c703000 	C:\Users\nabet\.openjfx\cache\17.0.6\api-ms-win-core-namedpipe-l1-1-0.dll
0x6c6f0000 - 0x6c6f3000 	C:\Users\nabet\.openjfx\cache\17.0.6\api-ms-win-core-processenvironment-l1-1-0.dll
0x6c6e0000 - 0x6c6e3000 	C:\Users\nabet\.openjfx\cache\17.0.6\api-ms-win-core-processthreads-l1-1-0.dll
0x6c6d0000 - 0x6c6d3000 	C:\Users\nabet\.openjfx\cache\17.0.6\api-ms-win-core-processthreads-l1-1-1.dll
0x6c6c0000 - 0x6c6c3000 	C:\Users\nabet\.openjfx\cache\17.0.6\api-ms-win-core-profile-l1-1-0.dll
0x6c6b0000 - 0x6c6b3000 	C:\Users\nabet\.openjfx\cache\17.0.6\api-ms-win-core-rtlsupport-l1-1-0.dll
0x6c6a0000 - 0x6c6a3000 	C:\Users\nabet\.openjfx\cache\17.0.6\api-ms-win-core-string-l1-1-0.dll
0x6c690000 - 0x6c693000 	C:\Users\nabet\.openjfx\cache\17.0.6\api-ms-win-core-synch-l1-1-0.dll
0x6c680000 - 0x6c683000 	C:\Users\nabet\.openjfx\cache\17.0.6\api-ms-win-core-synch-l1-2-0.dll
0x6c670000 - 0x6c673000 	C:\Users\nabet\.openjfx\cache\17.0.6\api-ms-win-core-sysinfo-l1-1-0.dll
0x6c660000 - 0x6c663000 	C:\Users\nabet\.openjfx\cache\17.0.6\api-ms-win-core-timezone-l1-1-0.dll
0x6c650000 - 0x6c653000 	C:\Users\nabet\.openjfx\cache\17.0.6\api-ms-win-core-util-l1-1-0.dll
0x6c640000 - 0x6c643000 	C:\Users\nabet\.openjfx\cache\17.0.6\api-ms-win-crt-conio-l1-1-0.dll
0x6c630000 - 0x6c634000 	C:\Users\nabet\.openjfx\cache\17.0.6\api-ms-win-crt-convert-l1-1-0.dll
0x6c620000 - 0x6c623000 	C:\Users\nabet\.openjfx\cache\17.0.6\api-ms-win-crt-environment-l1-1-0.dll
0x6c610000 - 0x6c613000 	C:\Users\nabet\.openjfx\cache\17.0.6\api-ms-win-crt-filesystem-l1-1-0.dll
0x6c600000 - 0x6c603000 	C:\Users\nabet\.openjfx\cache\17.0.6\api-ms-win-crt-heap-l1-1-0.dll
0x6c5f0000 - 0x6c5f3000 	C:\Users\nabet\.openjfx\cache\17.0.6\api-ms-win-crt-locale-l1-1-0.dll
0x6c5e0000 - 0x6c5e5000 	C:\Users\nabet\.openjfx\cache\17.0.6\api-ms-win-crt-math-l1-1-0.dll
0x6c5d0000 - 0x6c5d5000 	C:\Users\nabet\.openjfx\cache\17.0.6\api-ms-win-crt-multibyte-l1-1-0.dll
0x6c5c0000 - 0x6c5d0000 	C:\Users\nabet\.openjfx\cache\17.0.6\api-ms-win-crt-private-l1-1-0.dll
0x6c5b0000 - 0x6c5b3000 	C:\Users\nabet\.openjfx\cache\17.0.6\api-ms-win-crt-process-l1-1-0.dll
0x6c5a0000 - 0x6c5a4000 	C:\Users\nabet\.openjfx\cache\17.0.6\api-ms-win-crt-runtime-l1-1-0.dll
0x6c590000 - 0x6c594000 	C:\Users\nabet\.openjfx\cache\17.0.6\api-ms-win-crt-stdio-l1-1-0.dll
0x6c580000 - 0x6c584000 	C:\Users\nabet\.openjfx\cache\17.0.6\api-ms-win-crt-string-l1-1-0.dll
0x6c570000 - 0x6c573000 	C:\Users\nabet\.openjfx\cache\17.0.6\api-ms-win-crt-time-l1-1-0.dll
0x6c560000 - 0x6c563000 	C:\Users\nabet\.openjfx\cache\17.0.6\api-ms-win-crt-utility-l1-1-0.dll
0x6b9e0000 - 0x6bb03000 	C:\Users\nabet\.openjfx\cache\17.0.6\ucrtbase.dll
0x6c540000 - 0x6c554000 	C:\Users\nabet\.openjfx\cache\17.0.6\vcruntime140.dll
0x6c4d0000 - 0x6c53d000 	C:\Users\nabet\.openjfx\cache\17.0.6\msvcp140.dll
0x6c4c0000 - 0x6c4c7000 	C:\Users\nabet\.openjfx\cache\17.0.6\msvcp140_1.dll
0x6b9b0000 - 0x6b9d9000 	C:\Users\nabet\.openjfx\cache\17.0.6\msvcp140_2.dll
0x6b980000 - 0x6b9a6000 	C:\Users\nabet\.openjfx\cache\17.0.6\prism_d3d.dll
0x6b800000 - 0x6b971000 	C:\windows\system32\d3d9.dll
0x6b7d0000 - 0x6b7f4000 	C:\windows\SYSTEM32\dwmapi.dll
0x6b7a0000 - 0x6b7ce000 	C:\windows\SYSTEM32\dxcore.dll
0x73b40000 - 0x73bbf000 	C:\windows\system32\uxtheme.dll
0x6b630000 - 0x6b797000 	C:\windows\System32\DriverStore\FileRepository\u0382799.inf_amd64_a513539812d0ae28\B382816\aticfx32.dll
0x6b600000 - 0x6b62a000 	C:\windows\System32\DriverStore\FileRepository\u0382799.inf_amd64_a513539812d0ae28\B382816\atiu9pag.dll
0x6ab30000 - 0x6b5f9000 	C:\windows\System32\DriverStore\FileRepository\u0382799.inf_amd64_a513539812d0ae28\B382816\atiumdag.dll
0x762e0000 - 0x76430000 	C:\windows\System32\ole32.dll
0x69ce0000 - 0x6ab2c000 	C:\windows\System32\DriverStore\FileRepository\u0382799.inf_amd64_a513539812d0ae28\B382816\atiumdva.dll
0x75d30000 - 0x7616d000 	C:\windows\System32\SETUPAPI.dll
0x74d60000 - 0x74da5000 	C:\windows\SYSTEM32\POWRPROF.dll
0x74d50000 - 0x74d5e000 	C:\windows\SYSTEM32\UMPDC.dll
0x69cb0000 - 0x69cd8000 	C:\windows\SYSTEM32\amdihk32.dll
0x69c70000 - 0x69cac000 	C:\windows\SYSTEM32\directxdatabasehelper.dll
0x69c30000 - 0x69c67000 	C:\Users\nabet\.openjfx\cache\17.0.6\glass.dll
0x75c70000 - 0x75d21000 	C:\windows\System32\COMDLG32.dll
0x76f20000 - 0x7701e000 	C:\windows\System32\MSCTF.dll
0x69c10000 - 0x69c21000 	C:\Users\nabet\.openjfx\cache\17.0.6\javafx_font.dll
0x6df40000 - 0x6e164000 	C:\windows\SYSTEM32\dwrite.dll
0x770d0000 - 0x77152000 	C:\windows\System32\clbcatq.dll
0x69ab0000 - 0x69c10000 	C:\windows\SYSTEM32\WindowsCodecs.dll
0x69a60000 - 0x69aac000 	C:\windows\system32\dataexchange.dll
0x69870000 - 0x69a5c000 	C:\windows\system32\twinapi.appcore.dll
0x69840000 - 0x69865000 	C:\Program Files (x86)\Common Files\Microsoft Shared\Ink\rtscom.dll
0x69740000 - 0x69839000 	C:\windows\SYSTEM32\textinputframework.dll
0x69670000 - 0x6973e000 	C:\windows\SYSTEM32\CoreMessaging.dll
0x693d0000 - 0x69661000 	C:\windows\SYSTEM32\CoreUIComponents.dll
0x74df0000 - 0x74dfb000 	C:\windows\SYSTEM32\CRYPTBASE.DLL
0x68eb0000 - 0x693cb000 	C:\windows\SYSTEM32\d2d1.dll
0x68c70000 - 0x68ea8000 	C:\windows\SYSTEM32\d3d11.dll
0x68ba0000 - 0x68c6a000 	C:\windows\SYSTEM32\dxgi.dll
0x685a0000 - 0x68b91000 	C:\windows\SYSTEM32\D3D10Warp.dll

dbghelp: loaded successfully - version: 4.0.5 - missing functions: none
symbol engine: initialized successfully - sym options: 0x614 - pdb path: .;C:\Program Files (x86)\Eclipse Adoptium\jdk-11.0.21.9-hotspot\bin;C:\windows\SYSTEM32;C:\windows\WinSxS\x86_microsoft.windows.common-controls_6595b64144ccf1df_6.0.22621.2506_none_6eb991c088050a06;C:\Program Files (x86)\Eclipse Adoptium\jdk-11.0.21.9-hotspot\bin\client;C:\Program Files\JetBrains\IntelliJ IDEA 2023.3.2\bin;C:\Users\nabet\.openjfx\cache\17.0.6;C:\windows\System32\DriverStore\FileRepository\u0382799.inf_amd64_a513539812d0ae28\B382816;C:\Program Files (x86)\Common Files\Microsoft Shared\Ink

VM Arguments:
jvm_args: -javaagent:C:\Program Files\JetBrains\IntelliJ IDEA 2023.3.2\lib\idea_rt.jar=60899:C:\Program Files\JetBrains\IntelliJ IDEA 2023.3.2\bin -Dfile.encoding=UTF-8 --module-path=C:\Users\nabet\.m2\repository\org\openjfx\javafx-graphics\17.0.6\javafx-graphics-17.0.6-win-x86.jar;C:\Users\nabet\.m2\repository\org\openjfx\javafx-controls\17.0.6\javafx-controls-17.0.6-win-x86.jar;C:\Users\nabet\.m2\repository\org\openjfx\javafx-base\17.0.6\javafx-base-17.0.6-win-x86.jar;C:\Users\nabet\.m2\repository\org\kordamp\bootstrapfx\bootstrapfx-core\0.4.0\bootstrapfx-core-0.4.0.jar;C:\Users\nabet\IdeaProjects\BibliotecaMedios\target\classes;C:\Users\nabet\.m2\repository\org\openjfx\javafx-fxml\17.0.6\javafx-fxml-17.0.6-win-x86.jar -Djdk.module.main=com.nabethse.bibliotecamedios.controller 
java_command: com.nabethse.bibliotecamedios.controller/com.nabethse.bibliotecamedios.HelloApplication
java_class_path (initial): C:\Users\nabet\.m2\repository\org\openjfx\javafx-controls\17.0.6\javafx-controls-17.0.6.jar;C:\Users\nabet\.m2\repository\org\openjfx\javafx-graphics\17.0.6\javafx-graphics-17.0.6.jar;C:\Users\nabet\.m2\repository\org\openjfx\javafx-base\17.0.6\javafx-base-17.0.6.jar;C:\Users\nabet\.m2\repository\org\openjfx\javafx-fxml\17.0.6\javafx-fxml-17.0.6.jar
Launcher Type: SUN_STANDARD

[Global flags]
   size_t InitialHeapSize                          = 16777216                                  {product} {ergonomic}
   size_t MaxHeapSize                              = 268435456                                 {product} {ergonomic}
   size_t MaxNewSize                               = 89456640                                  {product} {ergonomic}
   size_t MinHeapDeltaBytes                        = 131072                                    {product} {ergonomic}
   size_t NewSize                                  = 5570560                                   {product} {ergonomic}
    uintx NonProfiledCodeHeapSize                  = 0                                      {pd product} {ergonomic}
   size_t OldSize                                  = 11206656                                  {product} {ergonomic}
    uintx ProfiledCodeHeapSize                     = 0                                      {pd product} {ergonomic}
     bool ThreadLocalHandshakes                    = false                                  {pd product} {ergonomic}
     bool UseLargePagesIndividualAllocation        = false                                  {pd product} {ergonomic}
     bool UseSerialGC                              = true                                      {product} {ergonomic}

Logging:
Log output configuration:
 #0: stdout all=warning uptime,level,tags
 #1: stderr all=off uptime,level,tags

Environment Variables:
PATH=C:\Program Files (x86)\Eclipse Adoptium\jdk-11.0.21.9-hotspot\bin;C:\Program Files (x86)\Eclipse Adoptium\jre-11.0.21.9-hotspot\bin;C:\windows\system32;C:\windows;C:\windows\System32\Wbem;C:\windows\System32\WindowsPowerShell\v1.0\;C:\windows\System32\OpenSSH\;C:\Program Files (x86)\NVIDIA Corporation\PhysX\Common;C:\Program Files\NVIDIA Corporation\NVIDIA NvDLISR;C:\Program Files\Git\cmd;C:\Users\nabet\AppData\Local\Microsoft\WindowsApps;;C:\Users\nabet\AppData\Local\Programs\Microsoft VS Code\bin
USERNAME=nabet
OS=Windows_NT
PROCESSOR_IDENTIFIER=AMD64 Family 25 Model 80 Stepping 0, AuthenticAMD
TMP=C:\Users\nabet\AppData\Local\Temp
TEMP=C:\Users\nabet\AppData\Local\Temp



---------------  S Y S T E M  ---------------

OS: Windows 11 , 64 bit Build 22621 (10.0.22621.3085)
OS uptime: 11 days 14:35 hours
Hyper-V role detected

CPU:total 12 (initial active 12) (12 cores per cpu, 2 threads per core) family 25 model 80 stepping 0 microcode 0x0, cmov, cx8, fxsr, mmx, sse, sse2, sse3, ssse3, sse4.1, sse4.2, popcnt, avx, avx2, aes, clmul, erms, mmxext, 3dnowpref, lzcnt, sse4a, ht, tsc, tscinvbit, tscinv, bmi1, bmi2, adx, sha, fma

Memory: 4k page, system-wide physical 7519M (1347M free)
TotalPageFile size 13663M (AvailPageFile size 3307M), user-mode portion of virtual address-space 2047M (1417M free)
current process WorkingSet (physical memory assigned to process): 83M, peak: 83M
current process commit charge ("private bytes"): 70M, peak: 71M

vm_info: OpenJDK Client VM (11.0.21+9) for windows-x86 JRE (11.0.21+9), built on Oct 17 2023 17:27:10 by "" with MS VC++ 15.9 (VS2017)

END.
