#
# A fatal error has been detected by the Java Runtime Environment:
#
#  EXCEPTION_ACCESS_VIOLATION (0xc0000005) at pc=0x69cc6c62, pid=19312, tid=12644
#
# JRE version: OpenJDK Runtime Environment Temurin-11.0.21+9 (11.0.21+9) (build 11.0.21+9)
# Java VM: OpenJDK Client VM Temurin-11.0.21+9 (11.0.21+9, mixed mode, serial gc, windows-x86)
# Problematic frame:
# C  [glass.dll+0x16c62]
#
# No core dump will be written. Minidumps are not enabled by default on client versions of Windows
#
# If you would like to submit a bug report, please visit:
#   https://github.com/adoptium/adoptium-support/issues
# The crash happened outside the Java Virtual Machine in native code.
# See problematic frame for where to report the bug.
#

---------------  S U M M A R Y ------------

Command Line: -javaagent:C:\Program Files\JetBrains\IntelliJ IDEA 2023.3.2\lib\idea_rt.jar=57558:C:\Program Files\JetBrains\IntelliJ IDEA 2023.3.2\bin -Dfile.encoding=UTF-8 --module-path=C:\Users\nabet\.m2\repository\org\openjfx\javafx-base\17.0.6\javafx-base-17.0.6-win-x86.jar;C:\Users\nabet\IdeaProjects\BibliotecaMedios\target\classes;C:\Users\nabet\.m2\repository\org\openjfx\javafx-graphics\17.0.6\javafx-graphics-17.0.6-win-x86.jar;C:\Users\nabet\.m2\repository\org\openjfx\javafx-controls\17.0.6\javafx-controls-17.0.6-win-x86.jar;C:\Users\nabet\.m2\repository\org\kordamp\bootstrapfx\bootstrapfx-core\0.4.0\bootstrapfx-core-0.4.0.jar;C:\Users\nabet\.m2\repository\org\openjfx\javafx-fxml\17.0.6\javafx-fxml-17.0.6-win-x86.jar -Djdk.module.main=com.nabethse.bibliotecamedios.controller com.nabethse.bibliotecamedios.controller/com.nabethse.bibliotecamedios.HelloApplication

Host: AMD Ryzen 5 5600H with Radeon Graphics         , 12 cores, 7G,  Windows 11 , 64 bit Build 22621 (10.0.22621.3085)
Time: Wed Feb 28 12:04:26 2024 Hora estándar central (México) elapsed time: 58.443432 seconds (0d 0h 0m 58s)

---------------  T H R E A D  ---------------

Current thread (0x160a8c00):  JavaThread "JavaFX Application Thread" [_thread_in_native, id=12644, stack(0x169f0000,0x16a40000)]

Stack: [0x169f0000,0x16a40000],  sp=0x16a3e64c,  free space=313k
Native frames: (J=compiled Java code, A=aot compiled Java code, j=interpreted, Vv=VM code, C=native code)
C  [glass.dll+0x16c62]

Java frames: (J=compiled Java code, j=interpreted, Vv=VM code)
j  com.sun.glass.ui.win.WinWindow._close(J)Z+0 javafx.graphics
j  com.sun.glass.ui.Window.close()V+63 javafx.graphics
j  com.sun.glass.ui.win.WinWindow.close()V+8 javafx.graphics
j  com.sun.glass.ui.Application.terminate()V+75 javafx.graphics
j  com.sun.javafx.tk.quantum.QuantumToolkit.lambda$exit$13()Ljava/lang/Object;+5 javafx.graphics
j  com.sun.javafx.tk.quantum.QuantumToolkit$$Lambda$439.get()Ljava/lang/Object;+0 javafx.graphics
j  com.sun.javafx.tk.quantum.QuantumToolkit.runWithRenderLock(Ljava/util/function/Supplier;)Ljava/lang/Object;+7 javafx.graphics
j  com.sun.javafx.tk.quantum.QuantumToolkit.exit()V+26 javafx.graphics
j  com.sun.javafx.application.PlatformImpl.lambda$tkExit$16()V+3 javafx.graphics
j  com.sun.javafx.application.PlatformImpl$$Lambda$438.run()V+0 javafx.graphics
j  com.sun.javafx.application.PlatformImpl.lambda$runAndWait$12(Ljava/lang/Runnable;Ljava/util/concurrent/CountDownLatch;)V+1 javafx.graphics
j  com.sun.javafx.application.PlatformImpl$$Lambda$87.run()V+8 javafx.graphics
j  com.sun.javafx.application.PlatformImpl.lambda$runLater$10(Ljava/lang/Runnable;)Ljava/lang/Void;+1 javafx.graphics
j  com.sun.javafx.application.PlatformImpl$$Lambda$89.run()Ljava/lang/Object;+4 javafx.graphics
v  ~StubRoutines::call_stub
J 1259  java.security.AccessController.doPrivileged(Ljava/security/PrivilegedAction;Ljava/security/AccessControlContext;)Ljava/lang/Object; java.base@11.0.21 (0 bytes) @ 0x03655347 [0x036552e0+0x00000067]
j  com.sun.javafx.application.PlatformImpl.lambda$runLater$11(Ljava/lang/Runnable;Ljava/security/AccessControlContext;)V+7 javafx.graphics
j  com.sun.javafx.application.PlatformImpl$$Lambda$88.run()V+8 javafx.graphics
J 1604 c1 com.sun.glass.ui.InvokeLaterDispatcher$Future.run()V javafx.graphics (91 bytes) @ 0x036b3200 [0x036b31d0+0x00000030]
v  ~StubRoutines::call_stub
j  com.sun.glass.ui.win.WinApplication._runLoop(Ljava/lang/Runnable;)V+0 javafx.graphics
j  com.sun.glass.ui.win.WinApplication.lambda$runLoop$3(ILjava/lang/Runnable;)V+8 javafx.graphics
j  com.sun.glass.ui.win.WinApplication$$Lambda$77.run()V+12 javafx.graphics
j  java.lang.Thread.run()V+11 java.base@11.0.21
v  ~StubRoutines::call_stub

siginfo: EXCEPTION_ACCESS_VIOLATION (0xc0000005), reading address 0x000000b8


Register to memory mapping:

EIP=0x69cc6c62 glass.dll
EAX=0x0 is NULL
EBX=0x16a3e880 is pointing into the stack for thread: 0x160a8c00
ECX=0x0 is NULL
EDX=0x0 is NULL
ESP=0x16a3e64c is pointing into the stack for thread: 0x160a8c00
EBP=0x16a3e678 is pointing into the stack for thread: 0x160a8c00
ESI=0x00000401 is an unknown value
EDI=0x0 is NULL


Registers:
EAX=0x00000000, EBX=0x16a3e880, ECX=0x00000000, EDX=0x00000000
ESP=0x16a3e64c, EBP=0x16a3e678, ESI=0x00000401, EDI=0x00000000
EIP=0x69cc6c62, EFLAGS=0x00010202

Top of Stack: (sp=0x16a3e64c)
0x16a3e64c:   16a3e880 00000401 16a3e880 69cb8df8
0x16a3e65c:   7397cd95 160496e0 001c025e 00000401
0x16a3e66c:   16a3e7ac 69cd02b0 ffffffff 00000000
0x16a3e67c:   69cb1755 00000401 16a3e880 00000000
0x16a3e68c:   00000401 001c025e 16a3e6c4 69cb16f0
0x16a3e69c:   77672e63 001c025e 00000401 16a3e880
0x16a3e6ac:   00000000 001c025e dcbaabcd 69cb16f0
0x16a3e6bc:   00000401 001c025e 16a3e7bc 77663c46 

Instructions: (pc=0x69cc6c62)
0x69cc6b62:   21 56 e8 47 42 00 00 ff 35 e8 03 ce 69 8b f0 ff
0x69cc6b72:   77 68 56 e8 96 de fe ff 56 e8 a0 41 00 00 83 c4
0x69cc6b82:   10 5e c7 05 a4 03 ce 69 00 00 00 00 5f c3 83 ec
0x69cc6b92:   24 a1 ec e0 cd 69 33 c4 89 44 24 20 8b 44 24 28
0x69cc6ba2:   53 89 44 24 04 8b d9 8b 44 24 30 89 44 24 08 8b
0x69cc6bb2:   44 24 38 55 89 44 24 10 8b 44 24 38 56 89 83 84
0x69cc6bc2:   00 00 00 8b 44 24 0c 89 5c 24 18 bb 00 00 00 80
0x69cc6bd2:   8b eb 8b f3 57 8b fb 85 c0 79 29 8d 44 24 20 50
0x69cc6be2:   e8 29 aa fe ff 83 c4 04 85 c0 8b 44 24 10 74 14
0x69cc6bf2:   8b 74 24 28 8b 5c 24 20 2b f3 8b 7c 24 2c 8b 6c
0x69cc6c02:   24 24 2b fd 6a 00 50 ff 74 24 1c 68 d8 23 cd 69
0x69cc6c12:   57 56 8b 74 24 34 8b ce 55 53 ff 74 24 38 e8 db
0x69cc6c22:   a7 fe ff 8b f8 8d 4e 14 57 e8 40 64 00 00 57 8d
0x69cc6c32:   4e 14 e8 c7 64 00 00 8b 4c 24 30 8b c7 5f 5e 5d
0x69cc6c42:   5b 33 cc e8 ae 7a 00 00 83 c4 24 c2 10 00 53 8b
0x69cc6c52:   d9 56 57 ff 73 08 e8 93 a9 fe ff 8b f8 83 c4 04
0x69cc6c62:   8b 87 b8 00 00 00 85 c0 75 03 8b 47 04 3b 05 a4
0x69cc6c72:   03 ce 69 75 29 e8 34 41 00 00 ff 35 e8 03 ce 69
0x69cc6c82:   8b f0 ff 77 68 56 e8 83 dd fe ff 56 e8 8d 40 00
0x69cc6c92:   00 83 c4 10 c7 05 a4 03 ce 69 00 00 00 00 8d 4f
0x69cc6ca2:   14 e8 b8 69 00 00 8d 4f 14 e8 e0 69 00 00 ff 73
0x69cc6cb2:   08 ff 15 f8 fe cd 69 85 c0 5f 0f 95 c0 5e 88 43
0x69cc6cc2:   04 5b c3 cc cc cc cc cc cc cc cc cc cc cc 55 8b
0x69cc6cd2:   ec 6a ff 68 f7 11 cd 69 64 a1 00 00 00 00 50 83
0x69cc6ce2:   ec 08 53 56 57 a1 ec e0 cd 69 33 c5 50 8d 45 f4
0x69cc6cf2:   64 a3 00 00 00 00 8b f9 ff 77 18 ff 15 60 ff cd
0x69cc6d02:   69 85 c0 75 13 0f 57 c0 66 0f 13 45 ec 8b 55 f0
0x69cc6d12:   8b 45 ec e9 a7 00 00 00 68 dc 00 00 00 e8 96 79
0x69cc6d22:   00 00 83 c4 04 89 45 f0 c7 45 fc 00 00 00 00 85
0x69cc6d32:   c0 74 19 ff 77 18 8b c8 6a 01 6a 00 6a 00 6a 00
0x69cc6d42:   ff 77 10 e8 a6 f9 ff ff 8b d8 eb 02 33 db ff 77
0x69cc6d52:   18 8b cb c7 45 fc ff ff ff ff 6a 00 68 00 00 10 


Stack slot to memory mapping:
stack at sp + 0 slots: 0x16a3e880 is pointing into the stack for thread: 0x160a8c00
stack at sp + 1 slots: 0x00000401 is an unknown value
stack at sp + 2 slots: 0x16a3e880 is pointing into the stack for thread: 0x160a8c00
stack at sp + 3 slots: 0x69cb8df8 glass.dll
stack at sp + 4 slots: 0x7397cd95 is an unknown value
stack at sp + 5 slots: 0x160496e0 points into unknown readable memory: 0x69cd319c | 9c 31 cd 69
stack at sp + 6 slots: 0x001c025e is an unknown value
stack at sp + 7 slots: 0x00000401 is an unknown value


---------------  P R O C E S S  ---------------

Threads class SMR info:
_java_thread_list=0x18e61bb0, length=17, elements={
0x0336d800, 0x03422c00, 0x03437800, 0x15761000,
0x03443800, 0x03444400, 0x03445800, 0x03448c00,
0x157d2000, 0x15922c00, 0x1602bc00, 0x160ab000,
0x160a8c00, 0x18c72c00, 0x18c89800, 0x18d7d000,
0x19063800
}

Java Threads: ( => current thread )
  0x0336d800 JavaThread "main" [_thread_blocked, id=15672, stack(0x01300000,0x01350000)]
  0x03422c00 JavaThread "Reference Handler" daemon [_thread_blocked, id=9548, stack(0x05450000,0x054a0000)]
  0x03437800 JavaThread "Finalizer" daemon [_thread_blocked, id=15928, stack(0x054e0000,0x05530000)]
  0x15761000 JavaThread "Signal Dispatcher" daemon [_thread_blocked, id=12276, stack(0x05580000,0x055d0000)]
  0x03443800 JavaThread "Attach Listener" daemon [_thread_blocked, id=18316, stack(0x15970000,0x159c0000)]
  0x03444400 JavaThread "Service Thread" daemon [_thread_blocked, id=16536, stack(0x15a00000,0x15a50000)]
  0x03445800 JavaThread "C1 CompilerThread0" daemon [_thread_blocked, id=10476, stack(0x15a90000,0x15ae0000)]
  0x03448c00 JavaThread "Sweeper thread" daemon [_thread_blocked, id=884, stack(0x15b20000,0x15b70000)]
  0x157d2000 JavaThread "Common-Cleaner" daemon [_thread_blocked, id=9488, stack(0x15bb0000,0x15c00000)]
  0x15922c00 JavaThread "Monitor Ctrl-Break" daemon [_thread_in_native, id=10304, stack(0x15c40000,0x15c90000)]
  0x1602bc00 JavaThread "QuantumRenderer-0" daemon [_thread_blocked, id=16592, stack(0x16360000,0x163b0000)]
  0x160ab000 JavaThread "InvokeLaterDispatcher" daemon [_thread_blocked, id=18692, stack(0x16820000,0x16870000)]
=>0x160a8c00 JavaThread "JavaFX Application Thread" [_thread_in_native, id=12644, stack(0x169f0000,0x16a40000)]
  0x18c72c00 JavaThread "Thread-1" daemon [_thread_in_native, id=14000, stack(0x1be60000,0x1beb0000)]
  0x18c89800 JavaThread "JavaFX-Launcher" [_thread_blocked, id=9864, stack(0x1bef0000,0x1bf40000)]
  0x18d7d000 JavaThread "Prism Font Disposer" daemon [_thread_blocked, id=7360, stack(0x1d540000,0x1d590000)]
  0x19063800 JavaThread "Cleaner-0" daemon [_thread_blocked, id=2008, stack(0x20c80000,0x20cd0000)]

Other Threads:
  0x03420800 VMThread "VM Thread" [stack: 0x03290000,0x032e0000] [id=2584]
  0x15925c00 WatcherThread [stack: 0x15cd0000,0x15d20000] [id=11748]

Threads with active compile tasks:

VM state:not at safepoint (normal execution)

VM Mutex/Monitor currently owned by a thread: None

Heap:
 def new generation   total 4992K, used 3242K [0x05600000, 0x05b60000, 0x0ab50000)
  eden space 4480K,  63% used [0x05600000, 0x058c4af8, 0x05a60000)
  from space 512K,  79% used [0x05ae0000, 0x05b46100, 0x05b60000)
  to   space 512K,   0% used [0x05a60000, 0x05a60000, 0x05ae0000)
 tenured generation   total 10944K, used 8504K [0x0ab50000, 0x0b600000, 0x15600000)
   the space 10944K,  77% used [0x0ab50000, 0x0b39e248, 0x0b39e400, 0x0b600000)
 Metaspace       used 14768K, capacity 15073K, committed 15104K, reserved 15744K

Card table byte_map: [0x02d40000,0x02dd0000] _byte_map_base: 0x02d15000

Polling page: 0x01090000

Metaspace:

Usage:
   14.72 MB capacity,    14.42 MB ( 98%) used,   205.44 KB (  1%) free+waste,    99.61 KB ( <1%) overhead. 

Virtual space:
     15.38 MB reserved,      14.75 MB ( 96%) committed 

Chunk freelists:
0 bytes

MaxMetaspaceSize: 4.00 GB
No class space
Initial GC threshold: 12.00 MB
Current GC threshold: 20.00 MB
CDS: off

CodeCache: size=32768Kb used=2448Kb max_used=2448Kb free=30320Kb
 bounds [0x03450000, 0x036b8000, 0x05450000]
 total_blobs=2029 nmethods=1606 adapters=356
 compilation: enabled
              stopped_count=0, restarted_count=0
 full_count=0

Compilation events (20 events):
Event: 57.617 Thread 0x03445800 1597             com.sun.javafx.UnmodifiableArrayList::get (7 bytes)
Event: 57.617 Thread 0x03445800 nmethod 1597 0x036b2148 code [0x036b2260, 0x036b2300]
Event: 57.617 Thread 0x03445800 1598             com.sun.javafx.sg.prism.NGNode::renderForcedContent (1 bytes)
Event: 57.617 Thread 0x03445800 nmethod 1598 0x036b2388 code [0x036b2490, 0x036b2510]
Event: 58.111 Thread 0x03445800 1599             java.util.ArrayList$SubList::size (9 bytes)
Event: 58.111 Thread 0x03445800 nmethod 1599 0x036b2548 code [0x036b2660, 0x036b277c]
Event: 58.112 Thread 0x03445800 1600             com.sun.javafx.geom.transform.Translate2D::getMxt (5 bytes)
Event: 58.112 Thread 0x03445800 nmethod 1600 0x036b2848 code [0x036b2950, 0x036b29d0]
Event: 58.113 Thread 0x03445800 1601             com.sun.javafx.sg.prism.NGNode::render (39 bytes)
Event: 58.113 Thread 0x03445800 nmethod 1601 0x036b2a08 code [0x036b2b30, 0x036b2c28]
Event: 58.113 Thread 0x03445800 1602             com.sun.javafx.geom.transform.Translate2D::getMyt (5 bytes)
Event: 58.113 Thread 0x03445800 nmethod 1602 0x036b2cc8 code [0x036b2dd0, 0x036b2e50]
Event: 58.332 Thread 0x03445800 1603             com.sun.glass.ui.InvokeLaterDispatcher$Future::<init> (20 bytes)
Event: 58.332 Thread 0x03445800 nmethod 1603 0x036b2e88 code [0x036b2f90, 0x036b3030]
Event: 58.332 Thread 0x03445800 1604   !         com.sun.glass.ui.InvokeLaterDispatcher$Future::run (91 bytes)
Event: 58.332 Thread 0x03445800 nmethod 1604 0x036b3088 code [0x036b31d0, 0x036b3614]
Event: 58.371 Thread 0x03445800 1605             java.lang.StackTraceElement::of (68 bytes)
Event: 58.372 Thread 0x03445800 nmethod 1605 0x036b3908 code [0x036b3a40, 0x036b3c98]
Event: 58.372 Thread 0x03445800 1606             java.nio.charset.CoderResult::isUnderflow (13 bytes)
Event: 58.372 Thread 0x03445800 nmethod 1606 0x036b3e48 code [0x036b3f50, 0x036b3fe0]

GC Heap History (20 events):
Event: 0.964 GC heap before
{Heap before GC invocations=5 (full 0):
 def new generation   total 4928K, used 4826K [0x05600000, 0x05b50000, 0x0ab50000)
  eden space 4416K, 100% used [0x05600000, 0x05a50000, 0x05a50000)
  from space 512K,  80% used [0x05ad0000, 0x05b36a18, 0x05b50000)
  to   space 512K,   0% used [0x05a50000, 0x05a50000, 0x05ad0000)
 tenured generation   total 10944K, used 2214K [0x0ab50000, 0x0b600000, 0x15600000)
   the space 10944K,  20% used [0x0ab50000, 0x0ad79ad8, 0x0ad79c00, 0x0b600000)
 Metaspace       used 9311K, capacity 9438K, committed 9472K, reserved 9600K
}
Event: 0.967 GC heap after
{Heap after GC invocations=6 (full 0):
 def new generation   total 4928K, used 512K [0x05600000, 0x05b50000, 0x0ab50000)
  eden space 4416K,   0% used [0x05600000, 0x05600000, 0x05a50000)
  from space 512K, 100% used [0x05a50000, 0x05ad0000, 0x05ad0000)
  to   space 512K,   0% used [0x05ad0000, 0x05ad0000, 0x05b50000)
 tenured generation   total 10944K, used 2618K [0x0ab50000, 0x0b600000, 0x15600000)
   the space 10944K,  23% used [0x0ab50000, 0x0addea68, 0x0addec00, 0x0b600000)
 Metaspace       used 9311K, capacity 9438K, committed 9472K, reserved 9600K
}
Event: 1.083 GC heap before
{Heap before GC invocations=6 (full 0):
 def new generation   total 4928K, used 4928K [0x05600000, 0x05b50000, 0x0ab50000)
  eden space 4416K, 100% used [0x05600000, 0x05a50000, 0x05a50000)
  from space 512K, 100% used [0x05a50000, 0x05ad0000, 0x05ad0000)
  to   space 512K,   0% used [0x05ad0000, 0x05ad0000, 0x05b50000)
 tenured generation   total 10944K, used 2618K [0x0ab50000, 0x0b600000, 0x15600000)
   the space 10944K,  23% used [0x0ab50000, 0x0addea68, 0x0addec00, 0x0b600000)
 Metaspace       used 10715K, capacity 10890K, committed 11008K, reserved 11648K
}
Event: 1.088 GC heap after
{Heap after GC invocations=7 (full 0):
 def new generation   total 4928K, used 512K [0x05600000, 0x05b50000, 0x0ab50000)
  eden space 4416K,   0% used [0x05600000, 0x05600000, 0x05a50000)
  from space 512K, 100% used [0x05ad0000, 0x05b50000, 0x05b50000)
  to   space 512K,   0% used [0x05a50000, 0x05a50000, 0x05ad0000)
 tenured generation   total 10944K, used 3640K [0x0ab50000, 0x0b600000, 0x15600000)
   the space 10944K,  33% used [0x0ab50000, 0x0aede2c0, 0x0aede400, 0x0b600000)
 Metaspace       used 10715K, capacity 10890K, committed 11008K, reserved 11648K
}
Event: 1.169 GC heap before
{Heap before GC invocations=7 (full 0):
 def new generation   total 4928K, used 4927K [0x05600000, 0x05b50000, 0x0ab50000)
  eden space 4416K,  99% used [0x05600000, 0x05a4fcc8, 0x05a50000)
  from space 512K, 100% used [0x05ad0000, 0x05b50000, 0x05b50000)
  to   space 512K,   0% used [0x05a50000, 0x05a50000, 0x05ad0000)
 tenured generation   total 10944K, used 3640K [0x0ab50000, 0x0b600000, 0x15600000)
   the space 10944K,  33% used [0x0ab50000, 0x0aede2c0, 0x0aede400, 0x0b600000)
 Metaspace       used 11409K, capacity 11575K, committed 11648K, reserved 11648K
}
Event: 1.172 GC heap after
{Heap after GC invocations=8 (full 0):
 def new generation   total 4928K, used 512K [0x05600000, 0x05b50000, 0x0ab50000)
  eden space 4416K,   0% used [0x05600000, 0x05600000, 0x05a50000)
  from space 512K, 100% used [0x05a50000, 0x05ad0000, 0x05ad0000)
  to   space 512K,   0% used [0x05ad0000, 0x05ad0000, 0x05b50000)
 tenured generation   total 10944K, used 4360K [0x0ab50000, 0x0b600000, 0x15600000)
   the space 10944K,  39% used [0x0ab50000, 0x0af92388, 0x0af92400, 0x0b600000)
 Metaspace       used 11409K, capacity 11575K, committed 11648K, reserved 11648K
}
Event: 1.270 GC heap before
{Heap before GC invocations=8 (full 0):
 def new generation   total 4928K, used 4928K [0x05600000, 0x05b50000, 0x0ab50000)
  eden space 4416K, 100% used [0x05600000, 0x05a50000, 0x05a50000)
  from space 512K, 100% used [0x05a50000, 0x05ad0000, 0x05ad0000)
  to   space 512K,   0% used [0x05ad0000, 0x05ad0000, 0x05b50000)
 tenured generation   total 10944K, used 4360K [0x0ab50000, 0x0b600000, 0x15600000)
   the space 10944K,  39% used [0x0ab50000, 0x0af92388, 0x0af92400, 0x0b600000)
 Metaspace       used 11978K, capacity 12159K, committed 12160K, reserved 12672K
}
Event: 1.274 GC heap after
{Heap after GC invocations=9 (full 0):
 def new generation   total 4928K, used 512K [0x05600000, 0x05b50000, 0x0ab50000)
  eden space 4416K,   0% used [0x05600000, 0x05600000, 0x05a50000)
  from space 512K, 100% used [0x05ad0000, 0x05b50000, 0x05b50000)
  to   space 512K,   0% used [0x05a50000, 0x05a50000, 0x05ad0000)
 tenured generation   total 10944K, used 5069K [0x0ab50000, 0x0b600000, 0x15600000)
   the space 10944K,  46% used [0x0ab50000, 0x0b043618, 0x0b043800, 0x0b600000)
 Metaspace       used 11978K, capacity 12159K, committed 12160K, reserved 12672K
}
Event: 1.320 GC heap before
{Heap before GC invocations=9 (full 0):
 def new generation   total 4928K, used 1096K [0x05600000, 0x05b50000, 0x0ab50000)
  eden space 4416K,  13% used [0x05600000, 0x056922f0, 0x05a50000)
  from space 512K, 100% used [0x05ad0000, 0x05b50000, 0x05b50000)
  to   space 512K,   0% used [0x05a50000, 0x05a50000, 0x05ad0000)
 tenured generation   total 10944K, used 5069K [0x0ab50000, 0x0b600000, 0x15600000)
   the space 10944K,  46% used [0x0ab50000, 0x0b043618, 0x0b043800, 0x0b600000)
 Metaspace       used 12074K, capacity 12261K, committed 12288K, reserved 12672K
}
Event: 1.333 GC heap after
{Heap after GC invocations=10 (full 1):
 def new generation   total 4992K, used 0K [0x05600000, 0x05b60000, 0x0ab50000)
  eden space 4480K,   0% used [0x05600000, 0x05600000, 0x05a60000)
  from space 512K,   0% used [0x05a60000, 0x05a60000, 0x05ae0000)
  to   space 512K,   0% used [0x05ae0000, 0x05ae0000, 0x05b60000)
 tenured generation   total 10944K, used 5598K [0x0ab50000, 0x0b600000, 0x15600000)
   the space 10944K,  51% used [0x0ab50000, 0x0b0c7ba8, 0x0b0c7c00, 0x0b600000)
 Metaspace       used 12074K, capacity 12261K, committed 12288K, reserved 12672K
}
Event: 1.466 GC heap before
{Heap before GC invocations=10 (full 1):
 def new generation   total 4992K, used 4480K [0x05600000, 0x05b60000, 0x0ab50000)
  eden space 4480K, 100% used [0x05600000, 0x05a60000, 0x05a60000)
  from space 512K,   0% used [0x05a60000, 0x05a60000, 0x05ae0000)
  to   space 512K,   0% used [0x05ae0000, 0x05ae0000, 0x05b60000)
 tenured generation   total 10944K, used 5598K [0x0ab50000, 0x0b600000, 0x15600000)
   the space 10944K,  51% used [0x0ab50000, 0x0b0c7ba8, 0x0b0c7c00, 0x0b600000)
 Metaspace       used 12532K, capacity 12732K, committed 12800K, reserved 13696K
}
Event: 1.468 GC heap after
{Heap after GC invocations=11 (full 1):
 def new generation   total 4992K, used 512K [0x05600000, 0x05b60000, 0x0ab50000)
  eden space 4480K,   0% used [0x05600000, 0x05600000, 0x05a60000)
  from space 512K, 100% used [0x05ae0000, 0x05b60000, 0x05b60000)
  to   space 512K,   0% used [0x05a60000, 0x05a60000, 0x05ae0000)
 tenured generation   total 10944K, used 5791K [0x0ab50000, 0x0b600000, 0x15600000)
   the space 10944K,  52% used [0x0ab50000, 0x0b0f7ee8, 0x0b0f8000, 0x0b600000)
 Metaspace       used 12532K, capacity 12732K, committed 12800K, reserved 13696K
}
Event: 1.646 GC heap before
{Heap before GC invocations=11 (full 1):
 def new generation   total 4992K, used 4992K [0x05600000, 0x05b60000, 0x0ab50000)
  eden space 4480K, 100% used [0x05600000, 0x05a60000, 0x05a60000)
  from space 512K, 100% used [0x05ae0000, 0x05b60000, 0x05b60000)
  to   space 512K,   0% used [0x05a60000, 0x05a60000, 0x05ae0000)
 tenured generation   total 10944K, used 5791K [0x0ab50000, 0x0b600000, 0x15600000)
   the space 10944K,  52% used [0x0ab50000, 0x0b0f7ee8, 0x0b0f8000, 0x0b600000)
 Metaspace       used 13231K, capacity 13476K, committed 13568K, reserved 13696K
}
Event: 1.650 GC heap after
{Heap after GC invocations=12 (full 1):
 def new generation   total 4992K, used 372K [0x05600000, 0x05b60000, 0x0ab50000)
  eden space 4480K,   0% used [0x05600000, 0x05600000, 0x05a60000)
  from space 512K,  72% used [0x05a60000, 0x05abd0b0, 0x05ae0000)
  to   space 512K,   0% used [0x05ae0000, 0x05ae0000, 0x05b60000)
 tenured generation   total 10944K, used 6300K [0x0ab50000, 0x0b600000, 0x15600000)
   the space 10944K,  57% used [0x0ab50000, 0x0b177278, 0x0b177400, 0x0b600000)
 Metaspace       used 13231K, capacity 13476K, committed 13568K, reserved 13696K
}
Event: 2.993 GC heap before
{Heap before GC invocations=12 (full 1):
 def new generation   total 4992K, used 4852K [0x05600000, 0x05b60000, 0x0ab50000)
  eden space 4480K, 100% used [0x05600000, 0x05a60000, 0x05a60000)
  from space 512K,  72% used [0x05a60000, 0x05abd0b0, 0x05ae0000)
  to   space 512K,   0% used [0x05ae0000, 0x05ae0000, 0x05b60000)
 tenured generation   total 10944K, used 6300K [0x0ab50000, 0x0b600000, 0x15600000)
   the space 10944K,  57% used [0x0ab50000, 0x0b177278, 0x0b177400, 0x0b600000)
 Metaspace       used 13732K, capacity 13975K, committed 14080K, reserved 14720K
}
Event: 2.996 GC heap after
{Heap after GC invocations=13 (full 1):
 def new generation   total 4992K, used 502K [0x05600000, 0x05b60000, 0x0ab50000)
  eden space 4480K,   0% used [0x05600000, 0x05600000, 0x05a60000)
  from space 512K,  98% used [0x05ae0000, 0x05b5dab8, 0x05b60000)
  to   space 512K,   0% used [0x05a60000, 0x05a60000, 0x05ae0000)
 tenured generation   total 10944K, used 7745K [0x0ab50000, 0x0b600000, 0x15600000)
   the space 10944K,  70% used [0x0ab50000, 0x0b2e04f8, 0x0b2e0600, 0x0b600000)
 Metaspace       used 13732K, capacity 13975K, committed 14080K, reserved 14720K
}
Event: 3.078 GC heap before
{Heap before GC invocations=13 (full 1):
 def new generation   total 4992K, used 4979K [0x05600000, 0x05b60000, 0x0ab50000)
  eden space 4480K,  99% used [0x05600000, 0x05a5f438, 0x05a60000)
  from space 512K,  98% used [0x05ae0000, 0x05b5dab8, 0x05b60000)
  to   space 512K,   0% used [0x05a60000, 0x05a60000, 0x05ae0000)
 tenured generation   total 10944K, used 7745K [0x0ab50000, 0x0b600000, 0x15600000)
   the space 10944K,  70% used [0x0ab50000, 0x0b2e04f8, 0x0b2e0600, 0x0b600000)
 Metaspace       used 14388K, capacity 14676K, committed 14720K, reserved 14720K
}
Event: 3.081 GC heap after
{Heap after GC invocations=14 (full 1):
 def new generation   total 4992K, used 277K [0x05600000, 0x05b60000, 0x0ab50000)
  eden space 4480K,   0% used [0x05600000, 0x05600000, 0x05a60000)
  from space 512K,  54% used [0x05a60000, 0x05aa5428, 0x05ae0000)
  to   space 512K,   0% used [0x05ae0000, 0x05ae0000, 0x05b60000)
 tenured generation   total 10944K, used 8238K [0x0ab50000, 0x0b600000, 0x15600000)
   the space 10944K,  75% used [0x0ab50000, 0x0b35b948, 0x0b35ba00, 0x0b600000)
 Metaspace       used 14388K, capacity 14676K, committed 14720K, reserved 14720K
}
Event: 17.102 GC heap before
{Heap before GC invocations=14 (full 1):
 def new generation   total 4992K, used 4757K [0x05600000, 0x05b60000, 0x0ab50000)
  eden space 4480K,  99% used [0x05600000, 0x05a5fff8, 0x05a60000)
  from space 512K,  54% used [0x05a60000, 0x05aa5428, 0x05ae0000)
  to   space 512K,   0% used [0x05ae0000, 0x05ae0000, 0x05b60000)
 tenured generation   total 10944K, used 8238K [0x0ab50000, 0x0b600000, 0x15600000)
   the space 10944K,  75% used [0x0ab50000, 0x0b35b948, 0x0b35ba00, 0x0b600000)
 Metaspace       used 14742K, capacity 15058K, committed 15104K, reserved 15744K
}
Event: 17.105 GC heap after
{Heap after GC invocations=15 (full 1):
 def new generation   total 4992K, used 408K [0x05600000, 0x05b60000, 0x0ab50000)
  eden space 4480K,   0% used [0x05600000, 0x05600000, 0x05a60000)
  from space 512K,  79% used [0x05ae0000, 0x05b46100, 0x05b60000)
  to   space 512K,   0% used [0x05a60000, 0x05a60000, 0x05ae0000)
 tenured generation   total 10944K, used 8504K [0x0ab50000, 0x0b600000, 0x15600000)
   the space 10944K,  77% used [0x0ab50000, 0x0b39e248, 0x0b39e400, 0x0b600000)
 Metaspace       used 14742K, capacity 15058K, committed 15104K, reserved 15744K
}

Deoptimization events (8 events):
Event: 1.399 Thread 0x160a8c00 DEOPT PACKING pc=0x0357e80f sp=0x16a3df40
Event: 1.399 Thread 0x160a8c00 DEOPT UNPACKING pc=0x0348c187 sp=0x16a3de60 mode 3
Event: 1.409 Thread 0x160a8c00 DEOPT PACKING pc=0x035a45f1 sp=0x16a3e0c0
Event: 1.409 Thread 0x160a8c00 DEOPT UNPACKING pc=0x0348c187 sp=0x16a3dfe4 mode 3
Event: 1.825 Thread 0x1602bc00 DEOPT PACKING pc=0x035eaa7d sp=0x163ae980
Event: 1.825 Thread 0x1602bc00 DEOPT UNPACKING pc=0x0348c187 sp=0x163ae8ac mode 3
Event: 3.004 Thread 0x160a8c00 DEOPT PACKING pc=0x03611c0c sp=0x16a3d5c0
Event: 3.004 Thread 0x160a8c00 DEOPT UNPACKING pc=0x0348c187 sp=0x16a3d470 mode 3

Classes redefined (0 events):
No events

Internal exceptions (20 events):
Event: 1.471 Thread 0x160a8c00 Exception <a 'java/lang/NoSuchMethodError'{0x05617200}: 'java.lang.Object java.lang.invoke.DirectMethodHandle$Holder.invokeInterface(java.lang.Object, java.lang.Object, java.lang.Object)'> (0x05617200) thrown at [s\src\hotspot\share\interpreter\linkResolver.cpp, line 773]
Event: 1.471 Thread 0x160a8c00 Exception <a 'java/lang/IncompatibleClassChangeError'{0x05619fc0}: Found class java.lang.Object, but interface was expected> (0x05619fc0) thrown at [s\src\hotspot\share\interpreter\linkResolver.cpp, line 839]
Event: 1.544 Thread 0x1602bc00 Exception <a 'java/lang/NoSuchMethodError'{0x0582eba0}: 'int java.lang.invoke.DirectMethodHandle$Holder.invokeStaticInit(java.lang.Object, java.lang.Object)'> (0x0582eba0) thrown at [s\src\hotspot\share\interpreter\linkResolver.cpp, line 773]
Event: 2.752 Thread 0x160a8c00 Exception <a 'java/lang/NoSuchMethodError'{0x059433f0}: 'long java.lang.invoke.DirectMethodHandle$Holder.invokeStaticInit(java.lang.Object, java.lang.Object, java.lang.Object)'> (0x059433f0) thrown at [s\src\hotspot\share\interpreter\linkResolver.cpp, line 773]
Event: 2.754 Thread 0x160a8c00 Exception <a 'java/lang/NoSuchMethodError'{0x05959dd8}: 'java.lang.Object java.lang.invoke.DirectMethodHandle$Holder.invokeStatic(java.lang.Object, java.lang.Object, long)'> (0x05959dd8) thrown at [s\src\hotspot\share\interpreter\linkResolver.cpp, line 773]
Event: 2.755 Thread 0x160a8c00 Exception <a 'java/lang/NoSuchMethodError'{0x0595f828}: 'java.lang.Object java.lang.invoke.Invokers$Holder.linkToTargetMethod(java.lang.Object, long, java.lang.Object)'> (0x0595f828) thrown at [s\src\hotspot\share\interpreter\linkResolver.cpp, line 773]
Event: 3.036 Thread 0x160a8c00 Exception <a 'java/lang/ClassNotFoundException'{0x0579e808}: com/sun/javafx/scene/control/skin/resources/controls> (0x0579e808) thrown at [s\src\hotspot\share\prims\jni.cpp, line 638]
Event: 3.036 Thread 0x160a8c00 Exception <a 'java/lang/ClassNotFoundException'{0x057abf08}: com/sun/javafx/scene/control/skin/resources/controls_es> (0x057abf08) thrown at [s\src\hotspot\share\prims\jni.cpp, line 638]
Event: 3.036 Thread 0x160a8c00 Exception <a 'java/lang/ClassNotFoundException'{0x057b9358}: com/sun/javafx/scene/control/skin/resources/controls_es_MX> (0x057b9358) thrown at [s\src\hotspot\share\prims\jni.cpp, line 638]
Event: 3.064 Thread 0x160a8c00 Exception <a 'java/lang/NoSuchMethodError'{0x05913158}: 'void java.lang.invoke.DirectMethodHandle$Holder.invokeSpecial(java.lang.Object, java.lang.Object, java.lang.Object, java.lang.Object, java.lang.Object, java.lang.Object)'> (0x05913158) thrown at [s\src\hotspot\share\interpreter\linkResolver.cpp, line 773]
Event: 30.990 Thread 0x160a8c00 Exception <a 'java/lang/NullPointerException'{0x057d9338}> (0x057d9338) thrown at [s\src\hotspot\share\interpreter\linkResolver.cpp, line 1358]
Event: 30.990 Thread 0x160a8c00 Exception <a 'java/lang/reflect/InvocationTargetException'{0x057d99b8}> (0x057d99b8) thrown at [s\src\hotspot\share\runtime\reflection.cpp, line 1245]
Event: 30.990 Thread 0x160a8c00 Exception <a 'java/lang/RuntimeException'{0x057da6c8}> (0x057da6c8) thrown at [s\src\hotspot\share\prims\jvm.cpp, line 1310]
Event: 55.471 Thread 0x160a8c00 Exception <a 'java/lang/NullPointerException'{0x05822c28}> (0x05822c28) thrown at [s\src\hotspot\share\interpreter\linkResolver.cpp, line 1358]
Event: 55.471 Thread 0x160a8c00 Exception <a 'java/lang/reflect/InvocationTargetException'{0x058232a8}> (0x058232a8) thrown at [s\src\hotspot\share\runtime\reflection.cpp, line 1245]
Event: 55.471 Thread 0x160a8c00 Exception <a 'java/lang/RuntimeException'{0x05823fb8}> (0x05823fb8) thrown at [s\src\hotspot\share\prims\jvm.cpp, line 1310]
Event: 57.102 Thread 0x160a8c00 Exception <a 'java/lang/NullPointerException'{0x05856948}> (0x05856948) thrown at [s\src\hotspot\share\interpreter\linkResolver.cpp, line 1358]
Event: 57.102 Thread 0x160a8c00 Exception <a 'java/lang/reflect/InvocationTargetException'{0x05856fc8}> (0x05856fc8) thrown at [s\src\hotspot\share\runtime\reflection.cpp, line 1245]
Event: 57.102 Thread 0x160a8c00 Exception <a 'java/lang/RuntimeException'{0x05857cd8}> (0x05857cd8) thrown at [s\src\hotspot\share\prims\jvm.cpp, line 1310]
Event: 58.371 Thread 0x160a8c00 Exception <a 'java/lang/IllegalArgumentException'{0x058a8a70}> (0x058a8a70) thrown at [s\src\hotspot\share\prims\jvm.cpp, line 1310]

Events (20 events):
Event: 30.990 loading class java/lang/Throwable$PrintStreamOrWriter
Event: 30.990 loading class java/lang/Throwable$PrintStreamOrWriter done
Event: 30.990 loading class java/lang/Throwable$WrappedPrintStream done
Event: 48.799 Loaded shared library C:\Program Files (x86)\Eclipse Adoptium\jdk-11.0.21.9-hotspot\bin\java.dll
Event: 58.330 loading class javafx/application/Application
Event: 58.330 loading class javafx/application/Application done
Event: 58.331 loading class javafx/application/Application
Event: 58.331 loading class javafx/application/Application done
Event: 58.366 loading class com/sun/javafx/tk/quantum/GlassScene
Event: 58.366 loading class com/sun/javafx/tk/quantum/GlassScene done
Event: 58.366 loading class com/sun/javafx/tk/quantum/WindowStage
Event: 58.366 loading class com/sun/javafx/tk/quantum/WindowStage done
Event: 58.367 loading class com/sun/prism/GraphicsResource
Event: 58.367 loading class com/sun/prism/GraphicsResource done
Event: 58.367 loading class com/sun/prism/GraphicsResource
Event: 58.367 loading class com/sun/prism/GraphicsResource done
Event: 58.369 loading class com/sun/javafx/tk/quantum/ViewScene
Event: 58.369 loading class com/sun/javafx/tk/quantum/ViewScene done
Event: 58.369 loading class com/sun/javafx/tk/quantum/WindowStage
Event: 58.369 loading class com/sun/javafx/tk/quantum/WindowStage done


Dynamic libraries:
0x00e50000 - 0x00e5c000 	C:\Program Files (x86)\Eclipse Adoptium\jdk-11.0.21.9-hotspot\bin\java.exe
0x77950000 - 0x77b01000 	C:\windows\SYSTEM32\ntdll.dll
0x76e00000 - 0x76ef0000 	C:\windows\System32\KERNEL32.DLL
0x75850000 - 0x75ac4000 	C:\windows\System32\KERNELBASE.dll
0x74230000 - 0x742d6000 	C:\windows\SYSTEM32\apphelp.dll
0x75ad0000 - 0x75be2000 	C:\windows\System32\ucrtbase.dll
0x741f0000 - 0x74205000 	C:\Program Files (x86)\Eclipse Adoptium\jdk-11.0.21.9-hotspot\bin\jli.dll
0x74210000 - 0x74223000 	C:\Program Files (x86)\Eclipse Adoptium\jdk-11.0.21.9-hotspot\bin\VCRUNTIME140.dll
0x77640000 - 0x777e8000 	C:\windows\System32\USER32.dll
0x73e10000 - 0x74038000 	C:\windows\WinSxS\x86_microsoft.windows.common-controls_6595b64144ccf1df_6.0.22621.2506_none_6eb991c088050a06\COMCTL32.dll
0x77090000 - 0x770aa000 	C:\windows\System32\win32u.dll
0x77160000 - 0x77224000 	C:\windows\System32\msvcrt.dll
0x76ef0000 - 0x76f13000 	C:\windows\System32\GDI32.dll
0x77850000 - 0x77932000 	C:\windows\System32\gdi32full.dll
0x75bf0000 - 0x75c69000 	C:\windows\System32\msvcp_win.dll
0x76170000 - 0x76195000 	C:\windows\System32\IMM32.DLL
0x74180000 - 0x741ef000 	C:\Program Files (x86)\Eclipse Adoptium\jdk-11.0.21.9-hotspot\bin\msvcp140.dll
0x727d0000 - 0x72cab000 	C:\Program Files (x86)\Eclipse Adoptium\jdk-11.0.21.9-hotspot\bin\client\jvm.dll
0x774a0000 - 0x7751f000 	C:\windows\System32\ADVAPI32.dll
0x76b30000 - 0x76bb5000 	C:\windows\System32\sechost.dll
0x770b0000 - 0x770ca000 	C:\windows\System32\bcrypt.dll
0x77580000 - 0x7763a000 	C:\windows\System32\RPCRT4.dll
0x75840000 - 0x75846000 	C:\windows\System32\PSAPI.DLL
0x74170000 - 0x74178000 	C:\windows\SYSTEM32\WSOCK32.dll
0x74db0000 - 0x74de1000 	C:\windows\SYSTEM32\WINMM.dll
0x742f0000 - 0x742f8000 	C:\windows\SYSTEM32\VERSION.dll
0x77520000 - 0x7757f000 	C:\windows\System32\WS2_32.dll
0x74e00000 - 0x74e13000 	C:\windows\SYSTEM32\kernel.appcore.dll
0x74160000 - 0x7416d000 	C:\Program Files (x86)\Eclipse Adoptium\jdk-11.0.21.9-hotspot\bin\verify.dll
0x753b0000 - 0x75586000 	C:\windows\SYSTEM32\DBGHELP.DLL
0x755c0000 - 0x7583d000 	C:\windows\System32\combase.dll
0x77230000 - 0x772cc000 	C:\windows\System32\OLEAUT32.dll
0x74e20000 - 0x74e49000 	C:\windows\SYSTEM32\dbgcore.DLL
0x77020000 - 0x77082000 	C:\windows\System32\bcryptPrimitives.dll
0x74130000 - 0x74152000 	C:\Program Files (x86)\Eclipse Adoptium\jdk-11.0.21.9-hotspot\bin\java.dll
0x74120000 - 0x74129000 	C:\Program Files (x86)\Eclipse Adoptium\jdk-11.0.21.9-hotspot\bin\jimage.dll
0x740b0000 - 0x740bd000 	C:\Program Files (x86)\Eclipse Adoptium\jdk-11.0.21.9-hotspot\bin\instrument.dll
0x74100000 - 0x74116000 	C:\Program Files (x86)\Eclipse Adoptium\jdk-11.0.21.9-hotspot\bin\zip.dll
0x76490000 - 0x76b28000 	C:\windows\System32\SHELL32.dll
0x743d0000 - 0x74abc000 	C:\windows\SYSTEM32\windows.storage.dll
0x74300000 - 0x743c7000 	C:\windows\SYSTEM32\wintypes.dll
0x76d30000 - 0x76df1000 	C:\windows\System32\SHCORE.dll
0x773b0000 - 0x773fb000 	C:\windows\System32\shlwapi.dll
0x74040000 - 0x7405d000 	C:\windows\SYSTEM32\profapi.dll
0x740e0000 - 0x740f4000 	C:\Program Files (x86)\Eclipse Adoptium\jdk-11.0.21.9-hotspot\bin\net.dll
0x72e00000 - 0x72edd000 	C:\windows\SYSTEM32\WINHTTP.dll
0x74c50000 - 0x74ca1000 	C:\windows\system32\mswsock.dll
0x740d0000 - 0x740df000 	C:\Program Files (x86)\Eclipse Adoptium\jdk-11.0.21.9-hotspot\bin\nio.dll
0x74090000 - 0x740a6000 	C:\Program Files\JetBrains\IntelliJ IDEA 2023.3.2\bin\breakgen.dll
0x74070000 - 0x74073000 	C:\Users\nabet\.openjfx\cache\17.0.6\api-ms-win-core-console-l1-1-0.dll
0x74060000 - 0x74063000 	C:\Users\nabet\.openjfx\cache\17.0.6\api-ms-win-core-console-l1-2-0.dll
0x73e00000 - 0x73e03000 	C:\Users\nabet\.openjfx\cache\17.0.6\api-ms-win-core-datetime-l1-1-0.dll
0x73df0000 - 0x73df3000 	C:\Users\nabet\.openjfx\cache\17.0.6\api-ms-win-core-debug-l1-1-0.dll
0x73dd0000 - 0x73dd3000 	C:\Users\nabet\.openjfx\cache\17.0.6\api-ms-win-core-errorhandling-l1-1-0.dll
0x73db0000 - 0x73db4000 	C:\Users\nabet\.openjfx\cache\17.0.6\api-ms-win-core-file-l1-1-0.dll
0x73da0000 - 0x73da3000 	C:\Users\nabet\.openjfx\cache\17.0.6\api-ms-win-core-file-l1-2-0.dll
0x73d90000 - 0x73d93000 	C:\Users\nabet\.openjfx\cache\17.0.6\api-ms-win-core-file-l2-1-0.dll
0x73d80000 - 0x73d83000 	C:\Users\nabet\.openjfx\cache\17.0.6\api-ms-win-core-handle-l1-1-0.dll
0x73d70000 - 0x73d73000 	C:\Users\nabet\.openjfx\cache\17.0.6\api-ms-win-core-heap-l1-1-0.dll
0x73d60000 - 0x73d63000 	C:\Users\nabet\.openjfx\cache\17.0.6\api-ms-win-core-interlocked-l1-1-0.dll
0x73d50000 - 0x73d53000 	C:\Users\nabet\.openjfx\cache\17.0.6\api-ms-win-core-libraryloader-l1-1-0.dll
0x73d40000 - 0x73d43000 	C:\Users\nabet\.openjfx\cache\17.0.6\api-ms-win-core-localization-l1-2-0.dll
0x73d30000 - 0x73d33000 	C:\Users\nabet\.openjfx\cache\17.0.6\api-ms-win-core-memory-l1-1-0.dll
0x73d20000 - 0x73d23000 	C:\Users\nabet\.openjfx\cache\17.0.6\api-ms-win-core-namedpipe-l1-1-0.dll
0x73d10000 - 0x73d13000 	C:\Users\nabet\.openjfx\cache\17.0.6\api-ms-win-core-processenvironment-l1-1-0.dll
0x73d00000 - 0x73d03000 	C:\Users\nabet\.openjfx\cache\17.0.6\api-ms-win-core-processthreads-l1-1-0.dll
0x73cf0000 - 0x73cf3000 	C:\Users\nabet\.openjfx\cache\17.0.6\api-ms-win-core-processthreads-l1-1-1.dll
0x73b00000 - 0x73b03000 	C:\Users\nabet\.openjfx\cache\17.0.6\api-ms-win-core-profile-l1-1-0.dll
0x73af0000 - 0x73af3000 	C:\Users\nabet\.openjfx\cache\17.0.6\api-ms-win-core-rtlsupport-l1-1-0.dll
0x73ae0000 - 0x73ae3000 	C:\Users\nabet\.openjfx\cache\17.0.6\api-ms-win-core-string-l1-1-0.dll
0x73ad0000 - 0x73ad3000 	C:\Users\nabet\.openjfx\cache\17.0.6\api-ms-win-core-synch-l1-1-0.dll
0x73ac0000 - 0x73ac3000 	C:\Users\nabet\.openjfx\cache\17.0.6\api-ms-win-core-synch-l1-2-0.dll
0x73ab0000 - 0x73ab3000 	C:\Users\nabet\.openjfx\cache\17.0.6\api-ms-win-core-sysinfo-l1-1-0.dll
0x73aa0000 - 0x73aa3000 	C:\Users\nabet\.openjfx\cache\17.0.6\api-ms-win-core-timezone-l1-1-0.dll
0x73a90000 - 0x73a93000 	C:\Users\nabet\.openjfx\cache\17.0.6\api-ms-win-core-util-l1-1-0.dll
0x73a80000 - 0x73a83000 	C:\Users\nabet\.openjfx\cache\17.0.6\api-ms-win-crt-conio-l1-1-0.dll
0x73a70000 - 0x73a74000 	C:\Users\nabet\.openjfx\cache\17.0.6\api-ms-win-crt-convert-l1-1-0.dll
0x73a60000 - 0x73a63000 	C:\Users\nabet\.openjfx\cache\17.0.6\api-ms-win-crt-environment-l1-1-0.dll
0x73a50000 - 0x73a53000 	C:\Users\nabet\.openjfx\cache\17.0.6\api-ms-win-crt-filesystem-l1-1-0.dll
0x73a40000 - 0x73a43000 	C:\Users\nabet\.openjfx\cache\17.0.6\api-ms-win-crt-heap-l1-1-0.dll
0x73a30000 - 0x73a33000 	C:\Users\nabet\.openjfx\cache\17.0.6\api-ms-win-crt-locale-l1-1-0.dll
0x73a20000 - 0x73a25000 	C:\Users\nabet\.openjfx\cache\17.0.6\api-ms-win-crt-math-l1-1-0.dll
0x73a10000 - 0x73a15000 	C:\Users\nabet\.openjfx\cache\17.0.6\api-ms-win-crt-multibyte-l1-1-0.dll
0x73a00000 - 0x73a10000 	C:\Users\nabet\.openjfx\cache\17.0.6\api-ms-win-crt-private-l1-1-0.dll
0x739f0000 - 0x739f3000 	C:\Users\nabet\.openjfx\cache\17.0.6\api-ms-win-crt-process-l1-1-0.dll
0x739e0000 - 0x739e4000 	C:\Users\nabet\.openjfx\cache\17.0.6\api-ms-win-crt-runtime-l1-1-0.dll
0x739d0000 - 0x739d4000 	C:\Users\nabet\.openjfx\cache\17.0.6\api-ms-win-crt-stdio-l1-1-0.dll
0x739c0000 - 0x739c4000 	C:\Users\nabet\.openjfx\cache\17.0.6\api-ms-win-crt-string-l1-1-0.dll
0x739b0000 - 0x739b3000 	C:\Users\nabet\.openjfx\cache\17.0.6\api-ms-win-crt-time-l1-1-0.dll
0x739a0000 - 0x739a3000 	C:\Users\nabet\.openjfx\cache\17.0.6\api-ms-win-crt-utility-l1-1-0.dll
0x72ee0000 - 0x73003000 	C:\Users\nabet\.openjfx\cache\17.0.6\ucrtbase.dll
0x73980000 - 0x73994000 	C:\Users\nabet\.openjfx\cache\17.0.6\vcruntime140.dll
0x6bce0000 - 0x6bd4d000 	C:\Users\nabet\.openjfx\cache\17.0.6\msvcp140.dll
0x736f0000 - 0x736f7000 	C:\Users\nabet\.openjfx\cache\17.0.6\msvcp140_1.dll
0x736c0000 - 0x736e9000 	C:\Users\nabet\.openjfx\cache\17.0.6\msvcp140_2.dll
0x6bcb0000 - 0x6bcd6000 	C:\Users\nabet\.openjfx\cache\17.0.6\prism_d3d.dll
0x6bb30000 - 0x6bca1000 	C:\windows\system32\d3d9.dll
0x6bb00000 - 0x6bb24000 	C:\windows\SYSTEM32\dwmapi.dll
0x6bad0000 - 0x6bafe000 	C:\windows\SYSTEM32\dxcore.dll
0x738e0000 - 0x7395f000 	C:\windows\system32\uxtheme.dll
0x6b6b0000 - 0x6b817000 	C:\windows\System32\DriverStore\FileRepository\u0382799.inf_amd64_a513539812d0ae28\B382816\aticfx32.dll
0x6b680000 - 0x6b6aa000 	C:\windows\System32\DriverStore\FileRepository\u0382799.inf_amd64_a513539812d0ae28\B382816\atiu9pag.dll
0x6abb0000 - 0x6b679000 	C:\windows\System32\DriverStore\FileRepository\u0382799.inf_amd64_a513539812d0ae28\B382816\atiumdag.dll
0x762e0000 - 0x76430000 	C:\windows\System32\ole32.dll
0x69d60000 - 0x6abac000 	C:\windows\System32\DriverStore\FileRepository\u0382799.inf_amd64_a513539812d0ae28\B382816\atiumdva.dll
0x75d30000 - 0x7616d000 	C:\windows\System32\SETUPAPI.dll
0x74d60000 - 0x74da5000 	C:\windows\SYSTEM32\POWRPROF.dll
0x74d50000 - 0x74d5e000 	C:\windows\SYSTEM32\UMPDC.dll
0x69d30000 - 0x69d58000 	C:\windows\SYSTEM32\amdihk32.dll
0x69cf0000 - 0x69d2c000 	C:\windows\SYSTEM32\directxdatabasehelper.dll
0x69cb0000 - 0x69ce7000 	C:\Users\nabet\.openjfx\cache\17.0.6\glass.dll
0x75c70000 - 0x75d21000 	C:\windows\System32\COMDLG32.dll
0x76f20000 - 0x7701e000 	C:\windows\System32\MSCTF.dll
0x72de0000 - 0x72df1000 	C:\Users\nabet\.openjfx\cache\17.0.6\javafx_font.dll
0x6d6c0000 - 0x6d8e4000 	C:\windows\SYSTEM32\dwrite.dll
0x770d0000 - 0x77152000 	C:\windows\System32\clbcatq.dll
0x69b50000 - 0x69cb0000 	C:\windows\SYSTEM32\WindowsCodecs.dll
0x69b00000 - 0x69b4c000 	C:\windows\system32\dataexchange.dll
0x69910000 - 0x69afc000 	C:\windows\system32\twinapi.appcore.dll
0x698e0000 - 0x69905000 	C:\Program Files (x86)\Common Files\Microsoft Shared\Ink\rtscom.dll
0x697e0000 - 0x698d9000 	C:\windows\SYSTEM32\textinputframework.dll
0x69710000 - 0x697de000 	C:\windows\SYSTEM32\CoreMessaging.dll
0x69470000 - 0x69701000 	C:\windows\SYSTEM32\CoreUIComponents.dll
0x74df0000 - 0x74dfb000 	C:\windows\SYSTEM32\CRYPTBASE.DLL
0x68f50000 - 0x6946b000 	C:\windows\SYSTEM32\d2d1.dll
0x68d10000 - 0x68f48000 	C:\windows\SYSTEM32\d3d11.dll
0x68c40000 - 0x68d0a000 	C:\windows\SYSTEM32\dxgi.dll
0x68640000 - 0x68c31000 	C:\windows\SYSTEM32\D3D10Warp.dll

dbghelp: loaded successfully - version: 4.0.5 - missing functions: none
symbol engine: initialized successfully - sym options: 0x614 - pdb path: .;C:\Program Files (x86)\Eclipse Adoptium\jdk-11.0.21.9-hotspot\bin;C:\windows\SYSTEM32;C:\windows\WinSxS\x86_microsoft.windows.common-controls_6595b64144ccf1df_6.0.22621.2506_none_6eb991c088050a06;C:\Program Files (x86)\Eclipse Adoptium\jdk-11.0.21.9-hotspot\bin\client;C:\Program Files\JetBrains\IntelliJ IDEA 2023.3.2\bin;C:\Users\nabet\.openjfx\cache\17.0.6;C:\windows\System32\DriverStore\FileRepository\u0382799.inf_amd64_a513539812d0ae28\B382816;C:\Program Files (x86)\Common Files\Microsoft Shared\Ink

VM Arguments:
jvm_args: -javaagent:C:\Program Files\JetBrains\IntelliJ IDEA 2023.3.2\lib\idea_rt.jar=57558:C:\Program Files\JetBrains\IntelliJ IDEA 2023.3.2\bin -Dfile.encoding=UTF-8 --module-path=C:\Users\nabet\.m2\repository\org\openjfx\javafx-base\17.0.6\javafx-base-17.0.6-win-x86.jar;C:\Users\nabet\IdeaProjects\BibliotecaMedios\target\classes;C:\Users\nabet\.m2\repository\org\openjfx\javafx-graphics\17.0.6\javafx-graphics-17.0.6-win-x86.jar;C:\Users\nabet\.m2\repository\org\openjfx\javafx-controls\17.0.6\javafx-controls-17.0.6-win-x86.jar;C:\Users\nabet\.m2\repository\org\kordamp\bootstrapfx\bootstrapfx-core\0.4.0\bootstrapfx-core-0.4.0.jar;C:\Users\nabet\.m2\repository\org\openjfx\javafx-fxml\17.0.6\javafx-fxml-17.0.6-win-x86.jar -Djdk.module.main=com.nabethse.bibliotecamedios.controller 
java_command: com.nabethse.bibliotecamedios.controller/com.nabethse.bibliotecamedios.HelloApplication
java_class_path (initial): C:\Users\nabet\.m2\repository\org\openjfx\javafx-controls\17.0.6\javafx-controls-17.0.6.jar;C:\Users\nabet\.m2\repository\org\openjfx\javafx-graphics\17.0.6\javafx-graphics-17.0.6.jar;C:\Users\nabet\.m2\repository\org\openjfx\javafx-base\17.0.6\javafx-base-17.0.6.jar;C:\Users\nabet\.m2\repository\org\openjfx\javafx-fxml\17.0.6\javafx-fxml-17.0.6.jar
Launcher Type: SUN_STANDARD

[Global flags]
   size_t InitialHeapSize                          = 16777216                                  {product} {ergonomic}
   size_t MaxHeapSize                              = 268435456                                 {product} {ergonomic}
   size_t MaxNewSize                               = 89456640                                  {product} {ergonomic}
   size_t MinHeapDeltaBytes                        = 131072                                    {product} {ergonomic}
   size_t NewSize                                  = 5570560                                   {product} {ergonomic}
    uintx NonProfiledCodeHeapSize                  = 0                                      {pd product} {ergonomic}
   size_t OldSize                                  = 11206656                                  {product} {ergonomic}
    uintx ProfiledCodeHeapSize                     = 0                                      {pd product} {ergonomic}
     bool ThreadLocalHandshakes                    = false                                  {pd product} {ergonomic}
     bool UseLargePagesIndividualAllocation        = false                                  {pd product} {ergonomic}
     bool UseSerialGC                              = true                                      {product} {ergonomic}

Logging:
Log output configuration:
 #0: stdout all=warning uptime,level,tags
 #1: stderr all=off uptime,level,tags

Environment Variables:
PATH=C:\Program Files (x86)\Eclipse Adoptium\jdk-11.0.21.9-hotspot\bin;C:\Program Files (x86)\Eclipse Adoptium\jre-11.0.21.9-hotspot\bin;C:\windows\system32;C:\windows;C:\windows\System32\Wbem;C:\windows\System32\WindowsPowerShell\v1.0\;C:\windows\System32\OpenSSH\;C:\Program Files (x86)\NVIDIA Corporation\PhysX\Common;C:\Program Files\NVIDIA Corporation\NVIDIA NvDLISR;C:\Program Files\Git\cmd;C:\Users\nabet\AppData\Local\Microsoft\WindowsApps;;C:\Users\nabet\AppData\Local\Programs\Microsoft VS Code\bin
USERNAME=nabet
OS=Windows_NT
PROCESSOR_IDENTIFIER=AMD64 Family 25 Model 80 Stepping 0, AuthenticAMD
TMP=C:\Users\nabet\AppData\Local\Temp
TEMP=C:\Users\nabet\AppData\Local\Temp



---------------  S Y S T E M  ---------------

OS: Windows 11 , 64 bit Build 22621 (10.0.22621.3085)
OS uptime: 11 days 17:20 hours
Hyper-V role detected

CPU:total 12 (initial active 12) (12 cores per cpu, 2 threads per core) family 25 model 80 stepping 0 microcode 0x0, cmov, cx8, fxsr, mmx, sse, sse2, sse3, ssse3, sse4.1, sse4.2, popcnt, avx, avx2, aes, clmul, erms, mmxext, 3dnowpref, lzcnt, sse4a, ht, tsc, tscinvbit, tscinv, bmi1, bmi2, adx, sha, fma

Memory: 4k page, system-wide physical 7519M (1354M free)
TotalPageFile size 13663M (AvailPageFile size 4246M), user-mode portion of virtual address-space 2047M (1412M free)
current process WorkingSet (physical memory assigned to process): 83M, peak: 83M
current process commit charge ("private bytes"): 70M, peak: 70M

vm_info: OpenJDK Client VM (11.0.21+9) for windows-x86 JRE (11.0.21+9), built on Oct 17 2023 17:27:10 by "" with MS VC++ 15.9 (VS2017)

END.
