#
# A fatal error has been detected by the Java Runtime Environment:
#
#  EXCEPTION_ACCESS_VIOLATION (0xc0000005) at pc=0x69a56c62, pid=6016, tid=3712
#
# JRE version: OpenJDK Runtime Environment Temurin-11.0.21+9 (11.0.21+9) (build 11.0.21+9)
# Java VM: OpenJDK Client VM Temurin-11.0.21+9 (11.0.21+9, mixed mode, serial gc, windows-x86)
# Problematic frame:
# C  [glass.dll+0x16c62]
#
# No core dump will be written. Minidumps are not enabled by default on client versions of Windows
#
# If you would like to submit a bug report, please visit:
#   https://github.com/adoptium/adoptium-support/issues
# The crash happened outside the Java Virtual Machine in native code.
# See problematic frame for where to report the bug.
#

---------------  S U M M A R Y ------------

Command Line: -javaagent:C:\Program Files\JetBrains\IntelliJ IDEA 2023.3.2\lib\idea_rt.jar=65016:C:\Program Files\JetBrains\IntelliJ IDEA 2023.3.2\bin -Dfile.encoding=UTF-8 --module-path=C:\Users\nabet\.m2\repository\org\kordamp\bootstrapfx\bootstrapfx-core\0.4.0\bootstrapfx-core-0.4.0.jar;C:\Users\nabet\.m2\repository\org\openjfx\javafx-controls\17.0.6\javafx-controls-17.0.6-win-x86.jar;C:\Users\nabet\.m2\repository\org\openjfx\javafx-base\17.0.6\javafx-base-17.0.6-win-x86.jar;C:\Users\nabet\.m2\repository\org\openjfx\javafx-fxml\17.0.6\javafx-fxml-17.0.6-win-x86.jar;C:\Users\nabet\.m2\repository\org\openjfx\javafx-graphics\17.0.6\javafx-graphics-17.0.6-win-x86.jar;C:\Users\nabet\IdeaProjects\BibliotecaMedios\target\classes -Djdk.module.main=com.nabethse.bibliotecamedios.controller com.nabethse.bibliotecamedios.controller/com.nabethse.bibliotecamedios.HelloApplication

Host: AMD Ryzen 5 5600H with Radeon Graphics         , 12 cores, 7G,  Windows 11 , 64 bit Build 22621 (10.0.22621.3085)
Time: Wed Feb 28 15:59:17 2024 Hora estándar central (México) elapsed time: 51.544781 seconds (0d 0h 0m 51s)

---------------  T H R E A D  ---------------

Current thread (0x15722400):  JavaThread "JavaFX Application Thread" [_thread_in_native, id=3712, stack(0x16030000,0x16080000)]

Stack: [0x16030000,0x16080000],  sp=0x1607e6bc,  free space=313k
Native frames: (J=compiled Java code, A=aot compiled Java code, j=interpreted, Vv=VM code, C=native code)
C  [glass.dll+0x16c62]

Java frames: (J=compiled Java code, j=interpreted, Vv=VM code)
j  com.sun.glass.ui.win.WinWindow._close(J)Z+0 javafx.graphics
j  com.sun.glass.ui.Window.close()V+63 javafx.graphics
j  com.sun.glass.ui.win.WinWindow.close()V+8 javafx.graphics
j  com.sun.glass.ui.Application.terminate()V+75 javafx.graphics
j  com.sun.javafx.tk.quantum.QuantumToolkit.lambda$exit$13()Ljava/lang/Object;+5 javafx.graphics
j  com.sun.javafx.tk.quantum.QuantumToolkit$$Lambda$442.get()Ljava/lang/Object;+0 javafx.graphics
j  com.sun.javafx.tk.quantum.QuantumToolkit.runWithRenderLock(Ljava/util/function/Supplier;)Ljava/lang/Object;+7 javafx.graphics
j  com.sun.javafx.tk.quantum.QuantumToolkit.exit()V+26 javafx.graphics
j  com.sun.javafx.application.PlatformImpl.lambda$tkExit$16()V+3 javafx.graphics
j  com.sun.javafx.application.PlatformImpl$$Lambda$441.run()V+0 javafx.graphics
j  com.sun.javafx.application.PlatformImpl.lambda$runAndWait$12(Ljava/lang/Runnable;Ljava/util/concurrent/CountDownLatch;)V+1 javafx.graphics
j  com.sun.javafx.application.PlatformImpl$$Lambda$86.run()V+8 javafx.graphics
j  com.sun.javafx.application.PlatformImpl.lambda$runLater$10(Ljava/lang/Runnable;)Ljava/lang/Void;+1 javafx.graphics
j  com.sun.javafx.application.PlatformImpl$$Lambda$89.run()Ljava/lang/Object;+4 javafx.graphics
v  ~StubRoutines::call_stub
J 1255  java.security.AccessController.doPrivileged(Ljava/security/PrivilegedAction;Ljava/security/AccessControlContext;)Ljava/lang/Object; java.base@11.0.21 (0 bytes) @ 0x02cc3b87 [0x02cc3b20+0x00000067]
j  com.sun.javafx.application.PlatformImpl.lambda$runLater$11(Ljava/lang/Runnable;Ljava/security/AccessControlContext;)V+7 javafx.graphics
j  com.sun.javafx.application.PlatformImpl$$Lambda$88.run()V+8 javafx.graphics
J 1605 c1 com.sun.glass.ui.InvokeLaterDispatcher$Future.run()V javafx.graphics (91 bytes) @ 0x02d23200 [0x02d231d0+0x00000030]
v  ~StubRoutines::call_stub
j  com.sun.glass.ui.win.WinApplication._runLoop(Ljava/lang/Runnable;)V+0 javafx.graphics
j  com.sun.glass.ui.win.WinApplication.lambda$runLoop$3(ILjava/lang/Runnable;)V+8 javafx.graphics
j  com.sun.glass.ui.win.WinApplication$$Lambda$77.run()V+12 javafx.graphics
j  java.lang.Thread.run()V+11 java.base@11.0.21
v  ~StubRoutines::call_stub

siginfo: EXCEPTION_ACCESS_VIOLATION (0xc0000005), reading address 0x000000b8


Register to memory mapping:

EIP=0x69a56c62 glass.dll
EAX=0x0 is NULL
EBX=0x1607e8f0 is pointing into the stack for thread: 0x15722400
ECX=0x0 is NULL
EDX=0x0 is NULL
ESP=0x1607e6bc is pointing into the stack for thread: 0x15722400
EBP=0x1607e6e8 is pointing into the stack for thread: 0x15722400
ESI=0x00000401 is an unknown value
EDI=0x0 is NULL


Registers:
EAX=0x00000000, EBX=0x1607e8f0, ECX=0x00000000, EDX=0x00000000
ESP=0x1607e6bc, EBP=0x1607e6e8, ESI=0x00000401, EDI=0x00000000
EIP=0x69a56c62, EFLAGS=0x00010202

Top of Stack: (sp=0x1607e6bc)
0x1607e6bc:   1607e8f0 00000401 1607e8f0 69a48df8
0x1607e6cc:   8cf07dac 1574f180 0004026a 00000401
0x1607e6dc:   1607e81c 69a602b0 ffffffff 00000000
0x1607e6ec:   69a41755 00000401 1607e8f0 00000000
0x1607e6fc:   00000401 0004026a 1607e734 69a416f0
0x1607e70c:   77672e63 0004026a 00000401 1607e8f0
0x1607e71c:   00000000 0004026a dcbaabcd 69a416f0
0x1607e72c:   00000401 0004026a 1607e82c 77663c46 

Instructions: (pc=0x69a56c62)
0x69a56b62:   21 56 e8 47 42 00 00 ff 35 e8 03 a7 69 8b f0 ff
0x69a56b72:   77 68 56 e8 96 de fe ff 56 e8 a0 41 00 00 83 c4
0x69a56b82:   10 5e c7 05 a4 03 a7 69 00 00 00 00 5f c3 83 ec
0x69a56b92:   24 a1 ec e0 a6 69 33 c4 89 44 24 20 8b 44 24 28
0x69a56ba2:   53 89 44 24 04 8b d9 8b 44 24 30 89 44 24 08 8b
0x69a56bb2:   44 24 38 55 89 44 24 10 8b 44 24 38 56 89 83 84
0x69a56bc2:   00 00 00 8b 44 24 0c 89 5c 24 18 bb 00 00 00 80
0x69a56bd2:   8b eb 8b f3 57 8b fb 85 c0 79 29 8d 44 24 20 50
0x69a56be2:   e8 29 aa fe ff 83 c4 04 85 c0 8b 44 24 10 74 14
0x69a56bf2:   8b 74 24 28 8b 5c 24 20 2b f3 8b 7c 24 2c 8b 6c
0x69a56c02:   24 24 2b fd 6a 00 50 ff 74 24 1c 68 d8 23 a6 69
0x69a56c12:   57 56 8b 74 24 34 8b ce 55 53 ff 74 24 38 e8 db
0x69a56c22:   a7 fe ff 8b f8 8d 4e 14 57 e8 40 64 00 00 57 8d
0x69a56c32:   4e 14 e8 c7 64 00 00 8b 4c 24 30 8b c7 5f 5e 5d
0x69a56c42:   5b 33 cc e8 ae 7a 00 00 83 c4 24 c2 10 00 53 8b
0x69a56c52:   d9 56 57 ff 73 08 e8 93 a9 fe ff 8b f8 83 c4 04
0x69a56c62:   8b 87 b8 00 00 00 85 c0 75 03 8b 47 04 3b 05 a4
0x69a56c72:   03 a7 69 75 29 e8 34 41 00 00 ff 35 e8 03 a7 69
0x69a56c82:   8b f0 ff 77 68 56 e8 83 dd fe ff 56 e8 8d 40 00
0x69a56c92:   00 83 c4 10 c7 05 a4 03 a7 69 00 00 00 00 8d 4f
0x69a56ca2:   14 e8 b8 69 00 00 8d 4f 14 e8 e0 69 00 00 ff 73
0x69a56cb2:   08 ff 15 f8 fe a6 69 85 c0 5f 0f 95 c0 5e 88 43
0x69a56cc2:   04 5b c3 cc cc cc cc cc cc cc cc cc cc cc 55 8b
0x69a56cd2:   ec 6a ff 68 f7 11 a6 69 64 a1 00 00 00 00 50 83
0x69a56ce2:   ec 08 53 56 57 a1 ec e0 a6 69 33 c5 50 8d 45 f4
0x69a56cf2:   64 a3 00 00 00 00 8b f9 ff 77 18 ff 15 60 ff a6
0x69a56d02:   69 85 c0 75 13 0f 57 c0 66 0f 13 45 ec 8b 55 f0
0x69a56d12:   8b 45 ec e9 a7 00 00 00 68 dc 00 00 00 e8 96 79
0x69a56d22:   00 00 83 c4 04 89 45 f0 c7 45 fc 00 00 00 00 85
0x69a56d32:   c0 74 19 ff 77 18 8b c8 6a 01 6a 00 6a 00 6a 00
0x69a56d42:   ff 77 10 e8 a6 f9 ff ff 8b d8 eb 02 33 db ff 77
0x69a56d52:   18 8b cb c7 45 fc ff ff ff ff 6a 00 68 00 00 10 


Stack slot to memory mapping:
stack at sp + 0 slots: 0x1607e8f0 is pointing into the stack for thread: 0x15722400
stack at sp + 1 slots: 0x00000401 is an unknown value
stack at sp + 2 slots: 0x1607e8f0 is pointing into the stack for thread: 0x15722400
stack at sp + 3 slots: 0x69a48df8 glass.dll
stack at sp + 4 slots: 0x8cf07dac is an unknown value
stack at sp + 5 slots: 0x1574f180 points into unknown readable memory: 0x69a6319c | 9c 31 a6 69
stack at sp + 6 slots: 0x0004026a is an unknown value
stack at sp + 7 slots: 0x00000401 is an unknown value


---------------  P R O C E S S  ---------------

Threads class SMR info:
_java_thread_list=0x1affa680, length=17, elements={
0x029dfc00, 0x02a97000, 0x02aacc00, 0x02ab5c00,
0x02ab7800, 0x14d5f800, 0x14d60800, 0x14d67000,
0x02abe400, 0x14f20800, 0x156a9c00, 0x15721c00,
0x15722400, 0x1acbdc00, 0x1ace4c00, 0x1acf0800,
0x1b09fc00
}

Java Threads: ( => current thread )
  0x029dfc00 JavaThread "main" [_thread_blocked, id=10952, stack(0x02170000,0x021c0000)]
  0x02a97000 JavaThread "Reference Handler" daemon [_thread_blocked, id=10644, stack(0x04b00000,0x04b50000)]
  0x02aacc00 JavaThread "Finalizer" daemon [_thread_blocked, id=16864, stack(0x04b90000,0x04be0000)]
  0x02ab5c00 JavaThread "Signal Dispatcher" daemon [_thread_blocked, id=18616, stack(0x14f70000,0x14fc0000)]
  0x02ab7800 JavaThread "Attach Listener" daemon [_thread_blocked, id=18444, stack(0x15000000,0x15050000)]
  0x14d5f800 JavaThread "Service Thread" daemon [_thread_blocked, id=9936, stack(0x15090000,0x150e0000)]
  0x14d60800 JavaThread "C1 CompilerThread0" daemon [_thread_blocked, id=12552, stack(0x15120000,0x15170000)]
  0x14d67000 JavaThread "Sweeper thread" daemon [_thread_blocked, id=13524, stack(0x151b0000,0x15200000)]
  0x02abe400 JavaThread "Common-Cleaner" daemon [_thread_blocked, id=17064, stack(0x15240000,0x15290000)]
  0x14f20800 JavaThread "Monitor Ctrl-Break" daemon [_thread_in_native, id=16636, stack(0x152d0000,0x15320000)]
  0x156a9c00 JavaThread "QuantumRenderer-0" daemon [_thread_blocked, id=16900, stack(0x159f0000,0x15a40000)]
  0x15721c00 JavaThread "InvokeLaterDispatcher" daemon [_thread_blocked, id=3444, stack(0x15ea0000,0x15ef0000)]
=>0x15722400 JavaThread "JavaFX Application Thread" [_thread_in_native, id=3712, stack(0x16030000,0x16080000)]
  0x1acbdc00 JavaThread "Thread-1" daemon [_thread_in_native, id=9904, stack(0x1b4d0000,0x1b520000)]
  0x1ace4c00 JavaThread "JavaFX-Launcher" [_thread_blocked, id=2908, stack(0x1b560000,0x1b5b0000)]
  0x1acf0800 JavaThread "Prism Font Disposer" daemon [_thread_blocked, id=4476, stack(0x1cbb0000,0x1cc00000)]
  0x1b09fc00 JavaThread "Cleaner-0" daemon [_thread_blocked, id=2652, stack(0x203b0000,0x20400000)]

Other Threads:
  0x02a92c00 VMThread "VM Thread" [stack: 0x02940000,0x02990000] [id=8300]
  0x14f24c00 WatcherThread [stack: 0x15360000,0x153b0000] [id=892]

Threads with active compile tasks:

VM state:not at safepoint (normal execution)

VM Mutex/Monitor currently owned by a thread: None

Heap:
 def new generation   total 4992K, used 772K [0x04c00000, 0x05160000, 0x0a150000)
  eden space 4480K,  11% used [0x04c00000, 0x04c81580, 0x05060000)
  from space 512K,  49% used [0x05060000, 0x0509fbe0, 0x050e0000)
  to   space 512K,   0% used [0x050e0000, 0x050e0000, 0x05160000)
 tenured generation   total 10944K, used 9540K [0x0a150000, 0x0ac00000, 0x14c00000)
   the space 10944K,  87% used [0x0a150000, 0x0aaa1060, 0x0aaa1200, 0x0ac00000)
 Metaspace       used 14743K, capacity 15039K, committed 15104K, reserved 15744K

Card table byte_map: [0x023b0000,0x02440000] _byte_map_base: 0x0238a000

Polling page: 0x00830000

Metaspace:

Usage:
   14.69 MB capacity,    14.40 MB ( 98%) used,   196.81 KB (  1%) free+waste,    99.41 KB ( <1%) overhead. 

Virtual space:
     15.38 MB reserved,      14.75 MB ( 96%) committed 

Chunk freelists:
512 bytes

MaxMetaspaceSize: 4.00 GB
No class space
Initial GC threshold: 12.00 MB
Current GC threshold: 20.00 MB
CDS: off

CodeCache: size=32768Kb used=2516Kb max_used=2516Kb free=30251Kb
 bounds [0x02ac0000, 0x02d38000, 0x04ac0000]
 total_blobs=2099 nmethods=1676 adapters=356
 compilation: enabled
              stopped_count=0, restarted_count=0
 full_count=0

Compilation events (20 events):
Event: 50.399 Thread 0x14d60800 1667             javafx.scene.input.MouseEvent::getButton (5 bytes)
Event: 50.399 Thread 0x14d60800 nmethod 1667 0x02d33ac8 code [0x02d33bd0, 0x02d33c50]
Event: 50.806 Thread 0x14d60800 1668             java.util.EnumMap::get (29 bytes)
Event: 50.807 Thread 0x14d60800 nmethod 1668 0x02d33c88 code [0x02d33db0, 0x02d33edc]
Event: 50.807 Thread 0x14d60800 1669             java.util.EnumMap::isValidKey (36 bytes)
Event: 50.807 Thread 0x14d60800 nmethod 1669 0x02d33fc8 code [0x02d340e0, 0x02d341cc]
Event: 51.209 Thread 0x14d60800 1670             javafx.scene.layout.Background::getFills (5 bytes)
Event: 51.209 Thread 0x14d60800 nmethod 1670 0x02d34288 code [0x02d34390, 0x02d34410]
Event: 51.210 Thread 0x14d60800 1671             com.sun.marlin.TransformingPathConsumer2D$PathClipFilter::finishPath (34 bytes)
Event: 51.210 Thread 0x14d60800 nmethod 1671 0x02d34448 code [0x02d34560, 0x02d3462c]
Event: 51.212 Thread 0x14d60800 1672             com.sun.javafx.geom.transform.GeneralTransform3D::isIdentity (5 bytes)
Event: 51.212 Thread 0x14d60800 nmethod 1672 0x02d346c8 code [0x02d347d0, 0x02d34850]
Event: 51.456 Thread 0x14d60800 1673             java.util.concurrent.locks.ReentrantLock::isHeldByCurrentThread (8 bytes)
Event: 51.456 Thread 0x14d60800 nmethod 1673 0x02d34888 code [0x02d34990, 0x02d34a40]
Event: 51.459 Thread 0x14d60800 1674             java.io.BufferedOutputStream::flushBuffer (29 bytes)
Event: 51.459 Thread 0x14d60800 nmethod 1674 0x02d34ac8 code [0x02d34be0, 0x02d34c9c]
Event: 51.459 Thread 0x14d60800 1675  s          java.io.BufferedOutputStream::flush (12 bytes)
Event: 51.459 Thread 0x14d60800 nmethod 1675 0x02d34d08 code [0x02d34e30, 0x02d35048]
Event: 51.459 Thread 0x14d60800 1676             java.io.OutputStream::flush (1 bytes)
Event: 51.459 Thread 0x14d60800 nmethod 1676 0x02d35108 code [0x02d35210, 0x02d35290]

GC Heap History (20 events):
Event: 1.376 GC heap before
{Heap before GC invocations=6 (full 0):
 def new generation   total 4928K, used 4928K [0x04c00000, 0x05150000, 0x0a150000)
  eden space 4416K, 100% used [0x04c00000, 0x05050000, 0x05050000)
  from space 512K, 100% used [0x05050000, 0x050d0000, 0x050d0000)
  to   space 512K,   0% used [0x050d0000, 0x050d0000, 0x05150000)
 tenured generation   total 10944K, used 2911K [0x0a150000, 0x0ac00000, 0x14c00000)
   the space 10944K,  26% used [0x0a150000, 0x0a427f08, 0x0a428000, 0x0ac00000)
 Metaspace       used 10716K, capacity 10890K, committed 11008K, reserved 11648K
}
Event: 1.382 GC heap after
{Heap after GC invocations=7 (full 0):
 def new generation   total 4928K, used 512K [0x04c00000, 0x05150000, 0x0a150000)
  eden space 4416K,   0% used [0x04c00000, 0x04c00000, 0x05050000)
  from space 512K, 100% used [0x050d0000, 0x05150000, 0x05150000)
  to   space 512K,   0% used [0x05050000, 0x05050000, 0x050d0000)
 tenured generation   total 10944K, used 3932K [0x0a150000, 0x0ac00000, 0x14c00000)
   the space 10944K,  35% used [0x0a150000, 0x0a5271e0, 0x0a527200, 0x0ac00000)
 Metaspace       used 10716K, capacity 10890K, committed 11008K, reserved 11648K
}
Event: 1.488 GC heap before
{Heap before GC invocations=7 (full 0):
 def new generation   total 4928K, used 4928K [0x04c00000, 0x05150000, 0x0a150000)
  eden space 4416K, 100% used [0x04c00000, 0x05050000, 0x05050000)
  from space 512K, 100% used [0x050d0000, 0x05150000, 0x05150000)
  to   space 512K,   0% used [0x05050000, 0x05050000, 0x050d0000)
 tenured generation   total 10944K, used 3932K [0x0a150000, 0x0ac00000, 0x14c00000)
   the space 10944K,  35% used [0x0a150000, 0x0a5271e0, 0x0a527200, 0x0ac00000)
 Metaspace       used 11410K, capacity 11575K, committed 11648K, reserved 11648K
}
Event: 1.493 GC heap after
{Heap after GC invocations=8 (full 0):
 def new generation   total 4928K, used 512K [0x04c00000, 0x05150000, 0x0a150000)
  eden space 4416K,   0% used [0x04c00000, 0x04c00000, 0x05050000)
  from space 512K, 100% used [0x05050000, 0x050d0000, 0x050d0000)
  to   space 512K,   0% used [0x050d0000, 0x050d0000, 0x05150000)
 tenured generation   total 10944K, used 4649K [0x0a150000, 0x0ac00000, 0x14c00000)
   the space 10944K,  42% used [0x0a150000, 0x0a5da4e0, 0x0a5da600, 0x0ac00000)
 Metaspace       used 11410K, capacity 11575K, committed 11648K, reserved 11648K
}
Event: 1.655 GC heap before
{Heap before GC invocations=8 (full 0):
 def new generation   total 4928K, used 4928K [0x04c00000, 0x05150000, 0x0a150000)
  eden space 4416K, 100% used [0x04c00000, 0x05050000, 0x05050000)
  from space 512K, 100% used [0x05050000, 0x050d0000, 0x050d0000)
  to   space 512K,   0% used [0x050d0000, 0x050d0000, 0x05150000)
 tenured generation   total 10944K, used 4649K [0x0a150000, 0x0ac00000, 0x14c00000)
   the space 10944K,  42% used [0x0a150000, 0x0a5da4e0, 0x0a5da600, 0x0ac00000)
 Metaspace       used 11980K, capacity 12159K, committed 12160K, reserved 12672K
}
Event: 1.661 GC heap after
{Heap after GC invocations=9 (full 0):
 def new generation   total 4928K, used 511K [0x04c00000, 0x05150000, 0x0a150000)
  eden space 4416K,   0% used [0x04c00000, 0x04c00000, 0x05050000)
  from space 512K,  99% used [0x050d0000, 0x0514fff8, 0x05150000)
  to   space 512K,   0% used [0x05050000, 0x05050000, 0x050d0000)
 tenured generation   total 10944K, used 5357K [0x0a150000, 0x0ac00000, 0x14c00000)
   the space 10944K,  48% used [0x0a150000, 0x0a68b5b0, 0x0a68b600, 0x0ac00000)
 Metaspace       used 11980K, capacity 12159K, committed 12160K, reserved 12672K
}
Event: 1.720 GC heap before
{Heap before GC invocations=9 (full 0):
 def new generation   total 4928K, used 1009K [0x04c00000, 0x05150000, 0x0a150000)
  eden space 4416K,  11% used [0x04c00000, 0x04c7c678, 0x05050000)
  from space 512K,  99% used [0x050d0000, 0x0514fff8, 0x05150000)
  to   space 512K,   0% used [0x05050000, 0x05050000, 0x050d0000)
 tenured generation   total 10944K, used 5357K [0x0a150000, 0x0ac00000, 0x14c00000)
   the space 10944K,  48% used [0x0a150000, 0x0a68b5b0, 0x0a68b600, 0x0ac00000)
 Metaspace       used 12074K, capacity 12261K, committed 12288K, reserved 12672K
}
Event: 1.735 GC heap after
{Heap after GC invocations=10 (full 1):
 def new generation   total 4992K, used 0K [0x04c00000, 0x05160000, 0x0a150000)
  eden space 4480K,   0% used [0x04c00000, 0x04c00000, 0x05060000)
  from space 512K,   0% used [0x05060000, 0x05060000, 0x050e0000)
  to   space 512K,   0% used [0x050e0000, 0x050e0000, 0x05160000)
 tenured generation   total 10944K, used 5886K [0x0a150000, 0x0ac00000, 0x14c00000)
   the space 10944K,  53% used [0x0a150000, 0x0a70f808, 0x0a70fa00, 0x0ac00000)
 Metaspace       used 12074K, capacity 12261K, committed 12288K, reserved 12672K
}
Event: 1.936 GC heap before
{Heap before GC invocations=10 (full 1):
 def new generation   total 4992K, used 4480K [0x04c00000, 0x05160000, 0x0a150000)
  eden space 4480K, 100% used [0x04c00000, 0x05060000, 0x05060000)
  from space 512K,   0% used [0x05060000, 0x05060000, 0x050e0000)
  to   space 512K,   0% used [0x050e0000, 0x050e0000, 0x05160000)
 tenured generation   total 10944K, used 5886K [0x0a150000, 0x0ac00000, 0x14c00000)
   the space 10944K,  53% used [0x0a150000, 0x0a70f808, 0x0a70fa00, 0x0ac00000)
 Metaspace       used 12532K, capacity 12730K, committed 12800K, reserved 13696K
}
Event: 1.940 GC heap after
{Heap after GC invocations=11 (full 1):
 def new generation   total 4992K, used 511K [0x04c00000, 0x05160000, 0x0a150000)
  eden space 4480K,   0% used [0x04c00000, 0x04c00000, 0x05060000)
  from space 512K,  99% used [0x050e0000, 0x0515fff8, 0x05160000)
  to   space 512K,   0% used [0x05060000, 0x05060000, 0x050e0000)
 tenured generation   total 10944K, used 6080K [0x0a150000, 0x0ac00000, 0x14c00000)
   the space 10944K,  55% used [0x0a150000, 0x0a7402d0, 0x0a740400, 0x0ac00000)
 Metaspace       used 12532K, capacity 12730K, committed 12800K, reserved 13696K
}
Event: 2.138 GC heap before
{Heap before GC invocations=11 (full 1):
 def new generation   total 4992K, used 4991K [0x04c00000, 0x05160000, 0x0a150000)
  eden space 4480K, 100% used [0x04c00000, 0x05060000, 0x05060000)
  from space 512K,  99% used [0x050e0000, 0x0515fff8, 0x05160000)
  to   space 512K,   0% used [0x05060000, 0x05060000, 0x050e0000)
 tenured generation   total 10944K, used 6080K [0x0a150000, 0x0ac00000, 0x14c00000)
   the space 10944K,  55% used [0x0a150000, 0x0a7402d0, 0x0a740400, 0x0ac00000)
 Metaspace       used 13244K, capacity 13476K, committed 13568K, reserved 13696K
}
Event: 2.145 GC heap after
{Heap after GC invocations=12 (full 1):
 def new generation   total 4992K, used 377K [0x04c00000, 0x05160000, 0x0a150000)
  eden space 4480K,   0% used [0x04c00000, 0x04c00000, 0x05060000)
  from space 512K,  73% used [0x05060000, 0x050be470, 0x050e0000)
  to   space 512K,   0% used [0x050e0000, 0x050e0000, 0x05160000)
 tenured generation   total 10944K, used 6587K [0x0a150000, 0x0ac00000, 0x14c00000)
   the space 10944K,  60% used [0x0a150000, 0x0a7beea8, 0x0a7bf000, 0x0ac00000)
 Metaspace       used 13244K, capacity 13476K, committed 13568K, reserved 13696K
}
Event: 3.576 GC heap before
{Heap before GC invocations=12 (full 1):
 def new generation   total 4992K, used 4857K [0x04c00000, 0x05160000, 0x0a150000)
  eden space 4480K, 100% used [0x04c00000, 0x05060000, 0x05060000)
  from space 512K,  73% used [0x05060000, 0x050be470, 0x050e0000)
  to   space 512K,   0% used [0x050e0000, 0x050e0000, 0x05160000)
 tenured generation   total 10944K, used 6587K [0x0a150000, 0x0ac00000, 0x14c00000)
   the space 10944K,  60% used [0x0a150000, 0x0a7beea8, 0x0a7bf000, 0x0ac00000)
 Metaspace       used 13741K, capacity 13975K, committed 14080K, reserved 14720K
}
Event: 3.583 GC heap after
{Heap after GC invocations=13 (full 1):
 def new generation   total 4992K, used 508K [0x04c00000, 0x05160000, 0x0a150000)
  eden space 4480K,   0% used [0x04c00000, 0x04c00000, 0x05060000)
  from space 512K,  99% used [0x050e0000, 0x0515f1e0, 0x05160000)
  to   space 512K,   0% used [0x05060000, 0x05060000, 0x050e0000)
 tenured generation   total 10944K, used 8035K [0x0a150000, 0x0ac00000, 0x14c00000)
   the space 10944K,  73% used [0x0a150000, 0x0a928c80, 0x0a928e00, 0x0ac00000)
 Metaspace       used 13741K, capacity 13975K, committed 14080K, reserved 14720K
}
Event: 3.710 GC heap before
{Heap before GC invocations=13 (full 1):
 def new generation   total 4992K, used 4988K [0x04c00000, 0x05160000, 0x0a150000)
  eden space 4480K, 100% used [0x04c00000, 0x05060000, 0x05060000)
  from space 512K,  99% used [0x050e0000, 0x0515f1e0, 0x05160000)
  to   space 512K,   0% used [0x05060000, 0x05060000, 0x050e0000)
 tenured generation   total 10944K, used 8035K [0x0a150000, 0x0ac00000, 0x14c00000)
   the space 10944K,  73% used [0x0a150000, 0x0a928c80, 0x0a928e00, 0x0ac00000)
 Metaspace       used 14404K, capacity 14676K, committed 14720K, reserved 14720K
}
Event: 3.714 GC heap after
{Heap after GC invocations=14 (full 1):
 def new generation   total 4992K, used 285K [0x04c00000, 0x05160000, 0x0a150000)
  eden space 4480K,   0% used [0x04c00000, 0x04c00000, 0x05060000)
  from space 512K,  55% used [0x05060000, 0x050a7620, 0x050e0000)
  to   space 512K,   0% used [0x050e0000, 0x050e0000, 0x05160000)
 tenured generation   total 10944K, used 8536K [0x0a150000, 0x0ac00000, 0x14c00000)
   the space 10944K,  78% used [0x0a150000, 0x0a9a63a0, 0x0a9a6400, 0x0ac00000)
 Metaspace       used 14404K, capacity 14676K, committed 14720K, reserved 14720K
}
Event: 21.254 GC heap before
{Heap before GC invocations=14 (full 1):
 def new generation   total 4992K, used 4765K [0x04c00000, 0x05160000, 0x0a150000)
  eden space 4480K, 100% used [0x04c00000, 0x05060000, 0x05060000)
  from space 512K,  55% used [0x05060000, 0x050a7620, 0x050e0000)
  to   space 512K,   0% used [0x050e0000, 0x050e0000, 0x05160000)
 tenured generation   total 10944K, used 8536K [0x0a150000, 0x0ac00000, 0x14c00000)
   the space 10944K,  78% used [0x0a150000, 0x0a9a63a0, 0x0a9a6400, 0x0ac00000)
 Metaspace       used 14721K, capacity 15024K, committed 15104K, reserved 15744K
}
Event: 21.257 GC heap after
{Heap after GC invocations=15 (full 1):
 def new generation   total 4992K, used 512K [0x04c00000, 0x05160000, 0x0a150000)
  eden space 4480K,   0% used [0x04c00000, 0x04c00000, 0x05060000)
  from space 512K, 100% used [0x050e0000, 0x05160000, 0x05160000)
  to   space 512K,   0% used [0x05060000, 0x05060000, 0x050e0000)
 tenured generation   total 10944K, used 9036K [0x0a150000, 0x0ac00000, 0x14c00000)
   the space 10944K,  82% used [0x0a150000, 0x0aa23228, 0x0aa23400, 0x0ac00000)
 Metaspace       used 14721K, capacity 15024K, committed 15104K, reserved 15744K
}
Event: 48.790 GC heap before
{Heap before GC invocations=15 (full 1):
 def new generation   total 4992K, used 4992K [0x04c00000, 0x05160000, 0x0a150000)
  eden space 4480K, 100% used [0x04c00000, 0x05060000, 0x05060000)
  from space 512K, 100% used [0x050e0000, 0x05160000, 0x05160000)
  to   space 512K,   0% used [0x05060000, 0x05060000, 0x050e0000)
 tenured generation   total 10944K, used 9036K [0x0a150000, 0x0ac00000, 0x14c00000)
   the space 10944K,  82% used [0x0a150000, 0x0aa23228, 0x0aa23400, 0x0ac00000)
 Metaspace       used 14735K, capacity 15032K, committed 15104K, reserved 15744K
}
Event: 48.794 GC heap after
{Heap after GC invocations=16 (full 1):
 def new generation   total 4992K, used 254K [0x04c00000, 0x05160000, 0x0a150000)
  eden space 4480K,   0% used [0x04c00000, 0x04c00000, 0x05060000)
  from space 512K,  49% used [0x05060000, 0x0509fbe0, 0x050e0000)
  to   space 512K,   0% used [0x050e0000, 0x050e0000, 0x05160000)
 tenured generation   total 10944K, used 9540K [0x0a150000, 0x0ac00000, 0x14c00000)
   the space 10944K,  87% used [0x0a150000, 0x0aaa1060, 0x0aaa1200, 0x0ac00000)
 Metaspace       used 14735K, capacity 15032K, committed 15104K, reserved 15744K
}

Deoptimization events (8 events):
Event: 1.860 Thread 0x15722400 DEOPT PACKING pc=0x02beeb0f sp=0x1607dfb0
Event: 1.860 Thread 0x15722400 DEOPT UNPACKING pc=0x02afc187 sp=0x1607ded0 mode 3
Event: 1.869 Thread 0x15722400 DEOPT PACKING pc=0x02c14731 sp=0x1607e130
Event: 1.869 Thread 0x15722400 DEOPT UNPACKING pc=0x02afc187 sp=0x1607e054 mode 3
Event: 3.343 Thread 0x156a9c00 DEOPT PACKING pc=0x02c5ab7d sp=0x15a3f030
Event: 3.343 Thread 0x156a9c00 DEOPT UNPACKING pc=0x02afc187 sp=0x15a3ef5c mode 3
Event: 3.599 Thread 0x15722400 DEOPT PACKING pc=0x02c825cc sp=0x1607d410
Event: 3.599 Thread 0x15722400 DEOPT UNPACKING pc=0x02afc187 sp=0x1607d2b8 mode 3

Classes redefined (0 events):
No events

Internal exceptions (20 events):
Event: 3.635 Thread 0x15722400 Exception <a 'java/lang/ClassNotFoundException'{0x04d884e8}: com/sun/javafx/scene/control/skin/resources/controls> (0x04d884e8) thrown at [s\src\hotspot\share\prims\jni.cpp, line 638]
Event: 3.636 Thread 0x15722400 Exception <a 'java/lang/ClassNotFoundException'{0x04d95bf0}: com/sun/javafx/scene/control/skin/resources/controls_es> (0x04d95bf0) thrown at [s\src\hotspot\share\prims\jni.cpp, line 638]
Event: 3.637 Thread 0x15722400 Exception <a 'java/lang/ClassNotFoundException'{0x04da3060}: com/sun/javafx/scene/control/skin/resources/controls_es_MX> (0x04da3060) thrown at [s\src\hotspot\share\prims\jni.cpp, line 638]
Event: 3.685 Thread 0x15722400 Exception <a 'java/lang/NoSuchMethodError'{0x04efd6f0}: 'void java.lang.invoke.DirectMethodHandle$Holder.invokeSpecial(java.lang.Object, java.lang.Object, java.lang.Object, java.lang.Object, java.lang.Object, java.lang.Object)'> (0x04efd6f0) thrown at [s\src\hotspot\share\interpreter\linkResolver.cpp, line 773]
Event: 33.944 Thread 0x15722400 Exception <a 'java/lang/NullPointerException'{0x04d5bed8}> (0x04d5bed8) thrown at [s\src\hotspot\share\interpreter\linkResolver.cpp, line 1358]
Event: 33.944 Thread 0x15722400 Exception <a 'java/lang/reflect/InvocationTargetException'{0x04d5c558}> (0x04d5c558) thrown at [s\src\hotspot\share\runtime\reflection.cpp, line 1245]
Event: 33.944 Thread 0x15722400 Exception <a 'java/lang/RuntimeException'{0x04d5d268}> (0x04d5d268) thrown at [s\src\hotspot\share\prims\jvm.cpp, line 1310]
Event: 35.183 Thread 0x15722400 Exception <a 'java/lang/NullPointerException'{0x04d886b8}> (0x04d886b8) thrown at [s\src\hotspot\share\interpreter\linkResolver.cpp, line 1358]
Event: 35.183 Thread 0x15722400 Exception <a 'java/lang/reflect/InvocationTargetException'{0x04d88d38}> (0x04d88d38) thrown at [s\src\hotspot\share\runtime\reflection.cpp, line 1245]
Event: 35.183 Thread 0x15722400 Exception <a 'java/lang/RuntimeException'{0x04d89a48}> (0x04d89a48) thrown at [s\src\hotspot\share\prims\jvm.cpp, line 1310]
Event: 36.160 Thread 0x15722400 Exception <a 'java/lang/NullPointerException'{0x04dc0f38}> (0x04dc0f38) thrown at [s\src\hotspot\share\interpreter\linkResolver.cpp, line 1358]
Event: 36.160 Thread 0x15722400 Exception <a 'java/lang/reflect/InvocationTargetException'{0x04dc15b8}> (0x04dc15b8) thrown at [s\src\hotspot\share\runtime\reflection.cpp, line 1245]
Event: 36.160 Thread 0x15722400 Exception <a 'java/lang/RuntimeException'{0x04dc22c8}> (0x04dc22c8) thrown at [s\src\hotspot\share\prims\jvm.cpp, line 1310]
Event: 36.376 Thread 0x15722400 Exception <a 'java/lang/NullPointerException'{0x04de5d10}> (0x04de5d10) thrown at [s\src\hotspot\share\interpreter\linkResolver.cpp, line 1358]
Event: 36.377 Thread 0x15722400 Exception <a 'java/lang/reflect/InvocationTargetException'{0x04de6390}> (0x04de6390) thrown at [s\src\hotspot\share\runtime\reflection.cpp, line 1245]
Event: 36.377 Thread 0x15722400 Exception <a 'java/lang/RuntimeException'{0x04de70a0}> (0x04de70a0) thrown at [s\src\hotspot\share\prims\jvm.cpp, line 1310]
Event: 38.766 Thread 0x15722400 Exception <a 'java/lang/NullPointerException'{0x04e554f8}> (0x04e554f8) thrown at [s\src\hotspot\share\interpreter\linkResolver.cpp, line 1358]
Event: 38.766 Thread 0x15722400 Exception <a 'java/lang/reflect/InvocationTargetException'{0x04e55b78}> (0x04e55b78) thrown at [s\src\hotspot\share\runtime\reflection.cpp, line 1245]
Event: 38.766 Thread 0x15722400 Exception <a 'java/lang/RuntimeException'{0x04e56888}> (0x04e56888) thrown at [s\src\hotspot\share\prims\jvm.cpp, line 1310]
Event: 51.457 Thread 0x15722400 Exception <a 'java/lang/IllegalArgumentException'{0x04c65760}> (0x04c65760) thrown at [s\src\hotspot\share\prims\jvm.cpp, line 1310]

Events (20 events):
Event: 40.214 loading class com/sun/javafx/tk/quantum/GlassScene
Event: 40.214 loading class com/sun/javafx/tk/quantum/GlassScene done
Event: 40.214 loading class com/sun/javafx/tk/quantum/WindowStage
Event: 40.214 loading class com/sun/javafx/tk/quantum/WindowStage done
Event: 40.215 loading class com/sun/prism/GraphicsResource
Event: 40.215 loading class com/sun/prism/GraphicsResource done
Event: 40.215 loading class com/sun/prism/GraphicsResource
Event: 40.215 loading class com/sun/prism/GraphicsResource done
Event: 40.215 loading class com/sun/javafx/tk/quantum/ViewScene
Event: 40.215 loading class com/sun/javafx/tk/quantum/ViewScene done
Event: 40.216 loading class com/sun/javafx/tk/quantum/WindowStage
Event: 40.216 loading class com/sun/javafx/tk/quantum/WindowStage done
Event: 42.479 Executing VM operation: RevokeBias
Event: 42.479 Executing VM operation: RevokeBias done
Event: 48.790 Executing VM operation: GenCollectForAllocation
Event: 48.794 Executing VM operation: GenCollectForAllocation done
Event: 51.418 loading class javafx/application/Application
Event: 51.418 loading class javafx/application/Application done
Event: 51.419 loading class javafx/application/Application
Event: 51.419 loading class javafx/application/Application done


Dynamic libraries:
0x00330000 - 0x0033c000 	C:\Program Files (x86)\Eclipse Adoptium\jdk-11.0.21.9-hotspot\bin\java.exe
0x77950000 - 0x77b01000 	C:\windows\SYSTEM32\ntdll.dll
0x76e00000 - 0x76ef0000 	C:\windows\System32\KERNEL32.DLL
0x75850000 - 0x75ac4000 	C:\windows\System32\KERNELBASE.dll
0x74a10000 - 0x74ab6000 	C:\windows\SYSTEM32\apphelp.dll
0x75ad0000 - 0x75be2000 	C:\windows\System32\ucrtbase.dll
0x749d0000 - 0x749e5000 	C:\Program Files (x86)\Eclipse Adoptium\jdk-11.0.21.9-hotspot\bin\jli.dll
0x749f0000 - 0x74a03000 	C:\Program Files (x86)\Eclipse Adoptium\jdk-11.0.21.9-hotspot\bin\VCRUNTIME140.dll
0x77640000 - 0x777e8000 	C:\windows\System32\USER32.dll
0x77090000 - 0x770aa000 	C:\windows\System32\win32u.dll
0x747a0000 - 0x749c8000 	C:\windows\WinSxS\x86_microsoft.windows.common-controls_6595b64144ccf1df_6.0.22621.2506_none_6eb991c088050a06\COMCTL32.dll
0x76ef0000 - 0x76f13000 	C:\windows\System32\GDI32.dll
0x77160000 - 0x77224000 	C:\windows\System32\msvcrt.dll
0x77850000 - 0x77932000 	C:\windows\System32\gdi32full.dll
0x75bf0000 - 0x75c69000 	C:\windows\System32\msvcp_win.dll
0x76170000 - 0x76195000 	C:\windows\System32\IMM32.DLL
0x74730000 - 0x7479f000 	C:\Program Files (x86)\Eclipse Adoptium\jdk-11.0.21.9-hotspot\bin\msvcp140.dll
0x73e00000 - 0x742db000 	C:\Program Files (x86)\Eclipse Adoptium\jdk-11.0.21.9-hotspot\bin\client\jvm.dll
0x774a0000 - 0x7751f000 	C:\windows\System32\ADVAPI32.dll
0x76b30000 - 0x76bb5000 	C:\windows\System32\sechost.dll
0x770b0000 - 0x770ca000 	C:\windows\System32\bcrypt.dll
0x77580000 - 0x7763a000 	C:\windows\System32\RPCRT4.dll
0x75840000 - 0x75846000 	C:\windows\System32\PSAPI.DLL
0x74720000 - 0x74728000 	C:\windows\SYSTEM32\WSOCK32.dll
0x74db0000 - 0x74de1000 	C:\windows\SYSTEM32\WINMM.dll
0x74710000 - 0x74718000 	C:\windows\SYSTEM32\VERSION.dll
0x77520000 - 0x7757f000 	C:\windows\System32\WS2_32.dll
0x74e00000 - 0x74e13000 	C:\windows\SYSTEM32\kernel.appcore.dll
0x74700000 - 0x7470d000 	C:\Program Files (x86)\Eclipse Adoptium\jdk-11.0.21.9-hotspot\bin\verify.dll
0x753b0000 - 0x75586000 	C:\windows\SYSTEM32\DBGHELP.DLL
0x755c0000 - 0x7583d000 	C:\windows\System32\combase.dll
0x77230000 - 0x772cc000 	C:\windows\System32\OLEAUT32.dll
0x74e20000 - 0x74e49000 	C:\windows\SYSTEM32\dbgcore.DLL
0x77020000 - 0x77082000 	C:\windows\System32\bcryptPrimitives.dll
0x746d0000 - 0x746f2000 	C:\Program Files (x86)\Eclipse Adoptium\jdk-11.0.21.9-hotspot\bin\java.dll
0x746c0000 - 0x746c9000 	C:\Program Files (x86)\Eclipse Adoptium\jdk-11.0.21.9-hotspot\bin\jimage.dll
0x6bc90000 - 0x6bc9d000 	C:\Program Files (x86)\Eclipse Adoptium\jdk-11.0.21.9-hotspot\bin\instrument.dll
0x746a0000 - 0x746b6000 	C:\Program Files (x86)\Eclipse Adoptium\jdk-11.0.21.9-hotspot\bin\zip.dll
0x76490000 - 0x76b28000 	C:\windows\System32\SHELL32.dll
0x73710000 - 0x73dfc000 	C:\windows\SYSTEM32\windows.storage.dll
0x745d0000 - 0x74697000 	C:\windows\SYSTEM32\wintypes.dll
0x76d30000 - 0x76df1000 	C:\windows\System32\SHCORE.dll
0x773b0000 - 0x773fb000 	C:\windows\System32\shlwapi.dll
0x745b0000 - 0x745cd000 	C:\windows\SYSTEM32\profapi.dll
0x74590000 - 0x745a4000 	C:\Program Files (x86)\Eclipse Adoptium\jdk-11.0.21.9-hotspot\bin\net.dll
0x744b0000 - 0x7458d000 	C:\windows\SYSTEM32\WINHTTP.dll
0x74c50000 - 0x74ca1000 	C:\windows\system32\mswsock.dll
0x744a0000 - 0x744af000 	C:\Program Files (x86)\Eclipse Adoptium\jdk-11.0.21.9-hotspot\bin\nio.dll
0x6bc70000 - 0x6bc86000 	C:\Program Files\JetBrains\IntelliJ IDEA 2023.3.2\bin\breakgen.dll
0x6bc60000 - 0x6bc63000 	C:\Users\nabet\.openjfx\cache\17.0.6\api-ms-win-core-console-l1-1-0.dll
0x6bc50000 - 0x6bc53000 	C:\Users\nabet\.openjfx\cache\17.0.6\api-ms-win-core-console-l1-2-0.dll
0x6bc40000 - 0x6bc43000 	C:\Users\nabet\.openjfx\cache\17.0.6\api-ms-win-core-datetime-l1-1-0.dll
0x6bc30000 - 0x6bc33000 	C:\Users\nabet\.openjfx\cache\17.0.6\api-ms-win-core-debug-l1-1-0.dll
0x6bc20000 - 0x6bc23000 	C:\Users\nabet\.openjfx\cache\17.0.6\api-ms-win-core-errorhandling-l1-1-0.dll
0x6bc10000 - 0x6bc14000 	C:\Users\nabet\.openjfx\cache\17.0.6\api-ms-win-core-file-l1-1-0.dll
0x6bc00000 - 0x6bc03000 	C:\Users\nabet\.openjfx\cache\17.0.6\api-ms-win-core-file-l1-2-0.dll
0x6bbf0000 - 0x6bbf3000 	C:\Users\nabet\.openjfx\cache\17.0.6\api-ms-win-core-file-l2-1-0.dll
0x6bbe0000 - 0x6bbe3000 	C:\Users\nabet\.openjfx\cache\17.0.6\api-ms-win-core-handle-l1-1-0.dll
0x6bbd0000 - 0x6bbd3000 	C:\Users\nabet\.openjfx\cache\17.0.6\api-ms-win-core-heap-l1-1-0.dll
0x6bbc0000 - 0x6bbc3000 	C:\Users\nabet\.openjfx\cache\17.0.6\api-ms-win-core-interlocked-l1-1-0.dll
0x6bbb0000 - 0x6bbb3000 	C:\Users\nabet\.openjfx\cache\17.0.6\api-ms-win-core-libraryloader-l1-1-0.dll
0x6bba0000 - 0x6bba3000 	C:\Users\nabet\.openjfx\cache\17.0.6\api-ms-win-core-localization-l1-2-0.dll
0x6bb80000 - 0x6bb83000 	C:\Users\nabet\.openjfx\cache\17.0.6\api-ms-win-core-memory-l1-1-0.dll
0x6bb60000 - 0x6bb63000 	C:\Users\nabet\.openjfx\cache\17.0.6\api-ms-win-core-namedpipe-l1-1-0.dll
0x6bb50000 - 0x6bb53000 	C:\Users\nabet\.openjfx\cache\17.0.6\api-ms-win-core-processenvironment-l1-1-0.dll
0x6bb40000 - 0x6bb43000 	C:\Users\nabet\.openjfx\cache\17.0.6\api-ms-win-core-processthreads-l1-1-0.dll
0x6bb30000 - 0x6bb33000 	C:\Users\nabet\.openjfx\cache\17.0.6\api-ms-win-core-processthreads-l1-1-1.dll
0x6bb20000 - 0x6bb23000 	C:\Users\nabet\.openjfx\cache\17.0.6\api-ms-win-core-profile-l1-1-0.dll
0x6bb10000 - 0x6bb13000 	C:\Users\nabet\.openjfx\cache\17.0.6\api-ms-win-core-rtlsupport-l1-1-0.dll
0x6bb00000 - 0x6bb03000 	C:\Users\nabet\.openjfx\cache\17.0.6\api-ms-win-core-string-l1-1-0.dll
0x6baf0000 - 0x6baf3000 	C:\Users\nabet\.openjfx\cache\17.0.6\api-ms-win-core-synch-l1-1-0.dll
0x6bae0000 - 0x6bae3000 	C:\Users\nabet\.openjfx\cache\17.0.6\api-ms-win-core-synch-l1-2-0.dll
0x6bad0000 - 0x6bad3000 	C:\Users\nabet\.openjfx\cache\17.0.6\api-ms-win-core-sysinfo-l1-1-0.dll
0x6bac0000 - 0x6bac3000 	C:\Users\nabet\.openjfx\cache\17.0.6\api-ms-win-core-timezone-l1-1-0.dll
0x6bab0000 - 0x6bab3000 	C:\Users\nabet\.openjfx\cache\17.0.6\api-ms-win-core-util-l1-1-0.dll
0x6baa0000 - 0x6baa3000 	C:\Users\nabet\.openjfx\cache\17.0.6\api-ms-win-crt-conio-l1-1-0.dll
0x6ba90000 - 0x6ba94000 	C:\Users\nabet\.openjfx\cache\17.0.6\api-ms-win-crt-convert-l1-1-0.dll
0x6ba80000 - 0x6ba83000 	C:\Users\nabet\.openjfx\cache\17.0.6\api-ms-win-crt-environment-l1-1-0.dll
0x6ba70000 - 0x6ba73000 	C:\Users\nabet\.openjfx\cache\17.0.6\api-ms-win-crt-filesystem-l1-1-0.dll
0x6ba60000 - 0x6ba63000 	C:\Users\nabet\.openjfx\cache\17.0.6\api-ms-win-crt-heap-l1-1-0.dll
0x6ba50000 - 0x6ba53000 	C:\Users\nabet\.openjfx\cache\17.0.6\api-ms-win-crt-locale-l1-1-0.dll
0x6ba40000 - 0x6ba45000 	C:\Users\nabet\.openjfx\cache\17.0.6\api-ms-win-crt-math-l1-1-0.dll
0x6ba30000 - 0x6ba35000 	C:\Users\nabet\.openjfx\cache\17.0.6\api-ms-win-crt-multibyte-l1-1-0.dll
0x6ba20000 - 0x6ba30000 	C:\Users\nabet\.openjfx\cache\17.0.6\api-ms-win-crt-private-l1-1-0.dll
0x6ba10000 - 0x6ba13000 	C:\Users\nabet\.openjfx\cache\17.0.6\api-ms-win-crt-process-l1-1-0.dll
0x6ba00000 - 0x6ba04000 	C:\Users\nabet\.openjfx\cache\17.0.6\api-ms-win-crt-runtime-l1-1-0.dll
0x6b9f0000 - 0x6b9f4000 	C:\Users\nabet\.openjfx\cache\17.0.6\api-ms-win-crt-stdio-l1-1-0.dll
0x6b9e0000 - 0x6b9e4000 	C:\Users\nabet\.openjfx\cache\17.0.6\api-ms-win-crt-string-l1-1-0.dll
0x6b9d0000 - 0x6b9d3000 	C:\Users\nabet\.openjfx\cache\17.0.6\api-ms-win-crt-time-l1-1-0.dll
0x6b9c0000 - 0x6b9c3000 	C:\Users\nabet\.openjfx\cache\17.0.6\api-ms-win-crt-utility-l1-1-0.dll
0x6b890000 - 0x6b9b3000 	C:\Users\nabet\.openjfx\cache\17.0.6\ucrtbase.dll
0x6b870000 - 0x6b884000 	C:\Users\nabet\.openjfx\cache\17.0.6\vcruntime140.dll
0x6b800000 - 0x6b86d000 	C:\Users\nabet\.openjfx\cache\17.0.6\msvcp140.dll
0x6b7f0000 - 0x6b7f7000 	C:\Users\nabet\.openjfx\cache\17.0.6\msvcp140_1.dll
0x6b7c0000 - 0x6b7e9000 	C:\Users\nabet\.openjfx\cache\17.0.6\msvcp140_2.dll
0x6b790000 - 0x6b7b6000 	C:\Users\nabet\.openjfx\cache\17.0.6\prism_d3d.dll
0x6b610000 - 0x6b781000 	C:\windows\system32\d3d9.dll
0x6b5e0000 - 0x6b604000 	C:\windows\SYSTEM32\dwmapi.dll
0x6b5b0000 - 0x6b5de000 	C:\windows\SYSTEM32\dxcore.dll
0x72e10000 - 0x72e8f000 	C:\windows\system32\uxtheme.dll
0x6b440000 - 0x6b5a7000 	C:\windows\System32\DriverStore\FileRepository\u0382799.inf_amd64_a513539812d0ae28\B382816\aticfx32.dll
0x6b410000 - 0x6b43a000 	C:\windows\System32\DriverStore\FileRepository\u0382799.inf_amd64_a513539812d0ae28\B382816\atiu9pag.dll
0x6a940000 - 0x6b409000 	C:\windows\System32\DriverStore\FileRepository\u0382799.inf_amd64_a513539812d0ae28\B382816\atiumdag.dll
0x762e0000 - 0x76430000 	C:\windows\System32\ole32.dll
0x69af0000 - 0x6a93c000 	C:\windows\System32\DriverStore\FileRepository\u0382799.inf_amd64_a513539812d0ae28\B382816\atiumdva.dll
0x75d30000 - 0x7616d000 	C:\windows\System32\SETUPAPI.dll
0x74d60000 - 0x74da5000 	C:\windows\SYSTEM32\POWRPROF.dll
0x74d50000 - 0x74d5e000 	C:\windows\SYSTEM32\UMPDC.dll
0x69ac0000 - 0x69ae8000 	C:\windows\SYSTEM32\amdihk32.dll
0x69a80000 - 0x69abc000 	C:\windows\SYSTEM32\directxdatabasehelper.dll
0x69a40000 - 0x69a77000 	C:\Users\nabet\.openjfx\cache\17.0.6\glass.dll
0x75c70000 - 0x75d21000 	C:\windows\System32\COMDLG32.dll
0x76f20000 - 0x7701e000 	C:\windows\System32\MSCTF.dll
0x69a20000 - 0x69a31000 	C:\Users\nabet\.openjfx\cache\17.0.6\javafx_font.dll
0x6dd30000 - 0x6df54000 	C:\windows\SYSTEM32\dwrite.dll
0x770d0000 - 0x77152000 	C:\windows\System32\clbcatq.dll
0x698c0000 - 0x69a20000 	C:\windows\SYSTEM32\WindowsCodecs.dll
0x69870000 - 0x698bc000 	C:\windows\system32\dataexchange.dll
0x69680000 - 0x6986c000 	C:\windows\system32\twinapi.appcore.dll
0x69650000 - 0x69675000 	C:\Program Files (x86)\Common Files\Microsoft Shared\Ink\rtscom.dll
0x69550000 - 0x69649000 	C:\windows\SYSTEM32\textinputframework.dll
0x69480000 - 0x6954e000 	C:\windows\SYSTEM32\CoreMessaging.dll
0x691e0000 - 0x69471000 	C:\windows\SYSTEM32\CoreUIComponents.dll
0x74df0000 - 0x74dfb000 	C:\windows\SYSTEM32\CRYPTBASE.DLL
0x68cc0000 - 0x691db000 	C:\windows\SYSTEM32\d2d1.dll
0x68a80000 - 0x68cb8000 	C:\windows\SYSTEM32\d3d11.dll
0x689b0000 - 0x68a7a000 	C:\windows\SYSTEM32\dxgi.dll
0x683b0000 - 0x689a1000 	C:\windows\SYSTEM32\D3D10Warp.dll

dbghelp: loaded successfully - version: 4.0.5 - missing functions: none
symbol engine: initialized successfully - sym options: 0x614 - pdb path: .;C:\Program Files (x86)\Eclipse Adoptium\jdk-11.0.21.9-hotspot\bin;C:\windows\SYSTEM32;C:\windows\WinSxS\x86_microsoft.windows.common-controls_6595b64144ccf1df_6.0.22621.2506_none_6eb991c088050a06;C:\Program Files (x86)\Eclipse Adoptium\jdk-11.0.21.9-hotspot\bin\client;C:\Program Files\JetBrains\IntelliJ IDEA 2023.3.2\bin;C:\Users\nabet\.openjfx\cache\17.0.6;C:\windows\System32\DriverStore\FileRepository\u0382799.inf_amd64_a513539812d0ae28\B382816;C:\Program Files (x86)\Common Files\Microsoft Shared\Ink

VM Arguments:
jvm_args: -javaagent:C:\Program Files\JetBrains\IntelliJ IDEA 2023.3.2\lib\idea_rt.jar=65016:C:\Program Files\JetBrains\IntelliJ IDEA 2023.3.2\bin -Dfile.encoding=UTF-8 --module-path=C:\Users\nabet\.m2\repository\org\kordamp\bootstrapfx\bootstrapfx-core\0.4.0\bootstrapfx-core-0.4.0.jar;C:\Users\nabet\.m2\repository\org\openjfx\javafx-controls\17.0.6\javafx-controls-17.0.6-win-x86.jar;C:\Users\nabet\.m2\repository\org\openjfx\javafx-base\17.0.6\javafx-base-17.0.6-win-x86.jar;C:\Users\nabet\.m2\repository\org\openjfx\javafx-fxml\17.0.6\javafx-fxml-17.0.6-win-x86.jar;C:\Users\nabet\.m2\repository\org\openjfx\javafx-graphics\17.0.6\javafx-graphics-17.0.6-win-x86.jar;C:\Users\nabet\IdeaProjects\BibliotecaMedios\target\classes -Djdk.module.main=com.nabethse.bibliotecamedios.controller 
java_command: com.nabethse.bibliotecamedios.controller/com.nabethse.bibliotecamedios.HelloApplication
java_class_path (initial): C:\Users\nabet\.m2\repository\org\openjfx\javafx-controls\17.0.6\javafx-controls-17.0.6.jar;C:\Users\nabet\.m2\repository\org\openjfx\javafx-graphics\17.0.6\javafx-graphics-17.0.6.jar;C:\Users\nabet\.m2\repository\org\openjfx\javafx-base\17.0.6\javafx-base-17.0.6.jar;C:\Users\nabet\.m2\repository\org\openjfx\javafx-fxml\17.0.6\javafx-fxml-17.0.6.jar
Launcher Type: SUN_STANDARD

[Global flags]
   size_t InitialHeapSize                          = 16777216                                  {product} {ergonomic}
   size_t MaxHeapSize                              = 268435456                                 {product} {ergonomic}
   size_t MaxNewSize                               = 89456640                                  {product} {ergonomic}
   size_t MinHeapDeltaBytes                        = 131072                                    {product} {ergonomic}
   size_t NewSize                                  = 5570560                                   {product} {ergonomic}
    uintx NonProfiledCodeHeapSize                  = 0                                      {pd product} {ergonomic}
   size_t OldSize                                  = 11206656                                  {product} {ergonomic}
    uintx ProfiledCodeHeapSize                     = 0                                      {pd product} {ergonomic}
     bool ThreadLocalHandshakes                    = false                                  {pd product} {ergonomic}
     bool UseLargePagesIndividualAllocation        = false                                  {pd product} {ergonomic}
     bool UseSerialGC                              = true                                      {product} {ergonomic}

Logging:
Log output configuration:
 #0: stdout all=warning uptime,level,tags
 #1: stderr all=off uptime,level,tags

Environment Variables:
PATH=C:\Program Files (x86)\Eclipse Adoptium\jdk-11.0.21.9-hotspot\bin;C:\Program Files (x86)\Eclipse Adoptium\jre-11.0.21.9-hotspot\bin;C:\windows\system32;C:\windows;C:\windows\System32\Wbem;C:\windows\System32\WindowsPowerShell\v1.0\;C:\windows\System32\OpenSSH\;C:\Program Files (x86)\NVIDIA Corporation\PhysX\Common;C:\Program Files\NVIDIA Corporation\NVIDIA NvDLISR;C:\Program Files\Git\cmd;C:\Users\nabet\AppData\Local\Microsoft\WindowsApps;;C:\Users\nabet\AppData\Local\Programs\Microsoft VS Code\bin
USERNAME=nabet
OS=Windows_NT
PROCESSOR_IDENTIFIER=AMD64 Family 25 Model 80 Stepping 0, AuthenticAMD
TMP=C:\Users\nabet\AppData\Local\Temp
TEMP=C:\Users\nabet\AppData\Local\Temp



---------------  S Y S T E M  ---------------

OS: Windows 11 , 64 bit Build 22621 (10.0.22621.3085)
OS uptime: 11 days 21:15 hours
Hyper-V role detected

CPU:total 12 (initial active 12) (12 cores per cpu, 2 threads per core) family 25 model 80 stepping 0 microcode 0x0, cmov, cx8, fxsr, mmx, sse, sse2, sse3, ssse3, sse4.1, sse4.2, popcnt, avx, avx2, aes, clmul, erms, mmxext, 3dnowpref, lzcnt, sse4a, ht, tsc, tscinvbit, tscinv, bmi1, bmi2, adx, sha, fma

Memory: 4k page, system-wide physical 7519M (1714M free)
TotalPageFile size 13663M (AvailPageFile size 4415M), user-mode portion of virtual address-space 2047M (1421M free)
current process WorkingSet (physical memory assigned to process): 82M, peak: 82M
current process commit charge ("private bytes"): 70M, peak: 70M

vm_info: OpenJDK Client VM (11.0.21+9) for windows-x86 JRE (11.0.21+9), built on Oct 17 2023 17:27:10 by "" with MS VC++ 15.9 (VS2017)

END.
